<?xml version="1.0" ?>
<coverage branch-rate="0" branches-covered="0" branches-valid="0" complexity="0" line-rate="0.3647" lines-covered="984" lines-valid="2698" timestamp="1595288079181" version="4.5.4">
	<!-- Generated by coverage.py: https://coverage.readthedocs.io -->
	<!-- Based on https://raw.githubusercontent.com/cobertura/web/master/htdocs/xml/coverage-04.dtd -->
	<sources>
		<source>C:\git\azure-sdk-for-python</source>
	</sources>
	<packages>
		<package branch-rate="0" complexity="0" line-rate="0.2411" name="sdk.eventhub.azure-eventhub.azure.eventhub">
			<classes>
				<class branch-rate="0" complexity="0" filename="sdk/eventhub/azure-eventhub/azure/eventhub/_client_base.py" line-rate="0.2025" name="_client_base.py">
					<methods/>
					<lines>
						<line hits="1" number="5"/>
						<line hits="1" number="7"/>
						<line hits="1" number="8"/>
						<line hits="1" number="9"/>
						<line hits="1" number="10"/>
						<line hits="1" number="11"/>
						<line hits="1" number="12"/>
						<line hits="1" number="13"/>
						<line hits="1" number="15"/>
						<line hits="1" number="16"/>
						<line hits="0" number="17"/>
						<line hits="1" number="18"/>
						<line hits="1" number="19"/>
						<line hits="1" number="21"/>
						<line hits="1" number="22"/>
						<line hits="1" number="24"/>
						<line hits="1" number="25"/>
						<line hits="1" number="26"/>
						<line hits="1" number="27"/>
						<line hits="1" number="28"/>
						<line hits="1" number="37"/>
						<line hits="0" number="38"/>
						<line hits="1" number="40"/>
						<line hits="1" number="41"/>
						<line hits="1" number="42"/>
						<line hits="1" number="45"/>
						<line hits="0" number="47"/>
						<line hits="0" number="48"/>
						<line hits="0" number="49"/>
						<line hits="0" number="50"/>
						<line hits="0" number="51"/>
						<line hits="0" number="52"/>
						<line hits="0" number="53"/>
						<line hits="0" number="54"/>
						<line hits="0" number="55"/>
						<line hits="0" number="56"/>
						<line hits="0" number="57"/>
						<line hits="0" number="58"/>
						<line hits="0" number="59"/>
						<line hits="0" number="60"/>
						<line hits="0" number="61"/>
						<line hits="0" number="62"/>
						<line hits="0" number="63"/>
						<line hits="0" number="64"/>
						<line hits="0" number="65"/>
						<line hits="0" number="69"/>
						<line hits="0" number="70"/>
						<line hits="0" number="71"/>
						<line hits="0" number="72"/>
						<line hits="0" number="74"/>
						<line hits="0" number="75"/>
						<line hits="1" number="78"/>
						<line hits="0" number="84"/>
						<line hits="0" number="85"/>
						<line hits="0" number="87"/>
						<line hits="0" number="88"/>
						<line hits="0" number="89"/>
						<line hits="0" number="90"/>
						<line hits="0" number="92"/>
						<line hits="0" number="93"/>
						<line hits="1" number="96"/>
						<line hits="0" number="98"/>
						<line hits="0" number="99"/>
						<line hits="0" number="100"/>
						<line hits="0" number="101"/>
						<line hits="0" number="102"/>
						<line hits="0" number="103"/>
						<line hits="0" number="104"/>
						<line hits="1" number="107"/>
						<line hits="1" number="114"/>
						<line hits="0" number="116"/>
						<line hits="0" number="117"/>
						<line hits="0" number="118"/>
						<line hits="1" number="120"/>
						<line hits="0" number="122"/>
						<line hits="0" number="123"/>
						<line hits="0" number="124"/>
						<line hits="1" number="127"/>
						<line hits="1" number="128"/>
						<line hits="0" number="130"/>
						<line hits="0" number="131"/>
						<line hits="0" number="132"/>
						<line hits="0" number="133"/>
						<line hits="0" number="134"/>
						<line hits="0" number="135"/>
						<line hits="0" number="136"/>
						<line hits="0" number="137"/>
						<line hits="0" number="138"/>
						<line hits="0" number="139"/>
						<line hits="0" number="142"/>
						<line hits="0" number="143"/>
						<line hits="0" number="144"/>
						<line hits="0" number="145"/>
						<line hits="0" number="146"/>
						<line hits="1" number="148"/>
						<line hits="0" number="149"/>
						<line hits="0" number="151"/>
						<line hits="0" number="152"/>
						<line hits="0" number="153"/>
						<line hits="0" number="154"/>
						<line hits="0" number="155"/>
						<line hits="1" number="157"/>
						<line hits="0" number="163"/>
						<line hits="0" number="165"/>
						<line hits="0" number="166"/>
						<line hits="0" number="167"/>
						<line hits="0" number="168"/>
						<line hits="0" number="169"/>
						<line hits="0" number="178"/>
						<line hits="0" number="179"/>
						<line hits="0" number="180"/>
						<line hits="0" number="190"/>
						<line hits="0" number="192"/>
						<line hits="1" number="194"/>
						<line hits="0" number="198"/>
						<line hits="0" number="199"/>
						<line hits="0" number="200"/>
						<line hits="0" number="203"/>
						<line hits="0" number="204"/>
						<line hits="0" number="210"/>
						<line hits="0" number="215"/>
						<line hits="0" number="217"/>
						<line hits="0" number="219"/>
						<line hits="0" number="220"/>
						<line hits="0" number="221"/>
						<line hits="0" number="222"/>
						<line hits="0" number="223"/>
						<line hits="0" number="226"/>
						<line hits="0" number="227"/>
						<line hits="0" number="230"/>
						<line hits="0" number="231"/>
						<line hits="0" number="232"/>
						<line hits="0" number="239"/>
						<line hits="0" number="240"/>
						<line hits="0" number="241"/>
						<line hits="0" number="242"/>
						<line hits="0" number="243"/>
						<line hits="0" number="244"/>
						<line hits="0" number="245"/>
						<line hits="0" number="246"/>
						<line hits="0" number="252"/>
						<line hits="0" number="253"/>
						<line hits="0" number="259"/>
						<line hits="0" number="265"/>
						<line hits="0" number="266"/>
						<line hits="0" number="267"/>
						<line hits="0" number="270"/>
						<line hits="0" number="271"/>
						<line hits="0" number="272"/>
						<line hits="0" number="275"/>
						<line hits="1" number="277"/>
						<line hits="0" number="279"/>
						<line hits="0" number="280"/>
						<line hits="0" number="281"/>
						<line hits="0" number="282"/>
						<line hits="1" number="283"/>
						<line hits="0" number="285"/>
						<line hits="0" number="287"/>
						<line hits="0" number="288"/>
						<line hits="0" number="289"/>
						<line hits="0" number="290"/>
						<line hits="0" number="291"/>
						<line hits="0" number="292"/>
						<line hits="0" number="293"/>
						<line hits="0" number="296"/>
						<line hits="1" number="299"/>
						<line hits="0" number="301"/>
						<line hits="1" number="303"/>
						<line hits="0" number="305"/>
						<line hits="0" number="307"/>
						<line hits="0" number="313"/>
						<line hits="0" number="314"/>
						<line hits="0" number="315"/>
						<line hits="0" number="316"/>
						<line hits="0" number="317"/>
						<line hits="0" number="318"/>
						<line hits="0" number="319"/>
						<line hits="0" number="322"/>
						<line hits="0" number="325"/>
						<line hits="0" number="328"/>
						<line hits="0" number="329"/>
						<line hits="1" number="332"/>
						<line hits="0" number="334"/>
						<line hits="0" number="336"/>
						<line hits="0" number="339"/>
						<line hits="0" number="340"/>
						<line hits="1" number="341"/>
						<line hits="0" number="343"/>
						<line hits="1" number="344"/>
						<line hits="0" number="346"/>
						<line hits="1" number="347"/>
						<line hits="0" number="349"/>
						<line hits="0" number="350"/>
						<line hits="1" number="351"/>
						<line hits="0" number="357"/>
						<line hits="0" number="362"/>
						<line hits="0" number="363"/>
						<line hits="0" number="364"/>
						<line hits="0" number="365"/>
						<line hits="0" number="366"/>
						<line hits="0" number="367"/>
						<line hits="0" number="372"/>
						<line hits="0" number="373"/>
						<line hits="0" number="374"/>
						<line hits="1" number="378"/>
						<line hits="0" number="380"/>
						<line hits="0" number="381"/>
						<line hits="0" number="382"/>
						<line hits="1" number="383"/>
						<line hits="0" number="385"/>
						<line hits="0" number="386"/>
						<line hits="1" number="387"/>
						<line hits="0" number="389"/>
						<line hits="0" number="390"/>
						<line hits="0" number="391"/>
						<line hits="1" number="392"/>
						<line hits="0" number="394"/>
						<line hits="0" number="396"/>
						<line hits="0" number="397"/>
						<line hits="0" number="398"/>
						<line hits="0" number="399"/>
						<line hits="0" number="400"/>
						<line hits="0" number="404"/>
						<line hits="0" number="405"/>
						<line hits="0" number="406"/>
						<line hits="0" number="407"/>
						<line hits="0" number="412"/>
						<line hits="0" number="413"/>
						<line hits="0" number="414"/>
						<line hits="0" number="415"/>
						<line hits="0" number="421"/>
						<line hits="0" number="422"/>
						<line hits="0" number="423"/>
						<line hits="1" number="428"/>
						<line hits="0" number="430"/>
						<line hits="0" number="436"/>
						<line hits="0" number="437"/>
					</lines>
				</class>
				<class branch-rate="0" complexity="0" filename="sdk/eventhub/azure-eventhub/azure/eventhub/_common.py" line-rate="0.3297" name="_common.py">
					<methods/>
					<lines>
						<line hits="1" number="5"/>
						<line hits="1" number="7"/>
						<line hits="1" number="8"/>
						<line hits="1" number="9"/>
						<line hits="1" number="21"/>
						<line hits="1" number="23"/>
						<line hits="1" number="25"/>
						<line hits="1" number="26"/>
						<line hits="0" number="47"/>
						<line hits="0" number="48"/>
						<line hits="0" number="50"/>
						<line hits="0" number="53"/>
						<line hits="1" number="55"/>
						<line hits="1" number="72"/>
						<line hits="0" number="89"/>
						<line hits="1" number="91"/>
						<line hits="0" number="92"/>
						<line hits="0" number="93"/>
						<line hits="1" number="94"/>
						<line hits="1" number="95"/>
						<line hits="0" number="96"/>
						<line hits="0" number="97"/>
						<line hits="1" number="98"/>
						<line hits="0" number="100"/>
						<line hits="0" number="101"/>
						<line hits="1" number="102"/>
						<line hits="1" number="104"/>
						<line hits="1" number="107"/>
						<line hits="0" number="108"/>
						<line hits="0" number="109"/>
						<line hits="1" number="110"/>
						<line hits="1" number="111"/>
						<line hits="1" number="112"/>
						<line hits="1" number="113"/>
						<line hits="0" number="114"/>
						<line hits="1" number="115"/>
						<line hits="0" number="116"/>
						<line hits="1" number="117"/>
						<line hits="0" number="118"/>
						<line hits="1" number="119"/>
						<line hits="0" number="120"/>
						<line hits="0" number="121"/>
						<line hits="0" number="122"/>
						<line hits="1" number="123"/>
						<line hits="1" number="124"/>
						<line hits="0" number="125"/>
						<line hits="1" number="126"/>
						<line hits="0" number="127"/>
						<line hits="0" number="128"/>
						<line hits="0" number="129"/>
						<line hits="0" number="130"/>
						<line hits="0" number="131"/>
						<line hits="0" number="132"/>
						<line hits="0" number="134"/>
						<line hits="0" number="136"/>
						<line hits="0" number="137"/>
						<line hits="0" number="138"/>
						<line hits="0" number="139"/>
						<line hits="1" number="140"/>
						<line hits="0" number="141"/>
						<line hits="0" number="142"/>
						<line hits="0" number="143"/>
						<line hits="1" number="144"/>
						<line hits="0" number="145"/>
						<line hits="0" number="146"/>
						<line hits="0" number="147"/>
						<line hits="0" number="148"/>
						<line hits="0" number="149"/>
						<line hits="0" number="150"/>
						<line hits="1" number="151"/>
						<line hits="0" number="152"/>
						<line hits="1" number="153"/>
						<line hits="0" number="154"/>
						<line hits="0" number="156"/>
						<line hits="0" number="157"/>
						<line hits="0" number="166"/>
						<line hits="0" number="167"/>
						<line hits="0" number="168"/>
						<line hits="0" number="170"/>
						<line hits="1" number="172"/>
						<line hits="0" number="174"/>
						<line hits="1" number="175"/>
						<line hits="0" number="181"/>
						<line hits="0" number="183"/>
						<line hits="1" number="184"/>
						<line hits="0" number="190"/>
						<line hits="0" number="191"/>
						<line hits="0" number="192"/>
						<line hits="0" number="193"/>
						<line hits="0" number="195"/>
						<line hits="1" number="196"/>
						<line hits="0" number="202"/>
						<line hits="0" number="203"/>
						<line hits="0" number="204"/>
						<line hits="1" number="205"/>
						<line hits="0" number="207"/>
						<line hits="1" number="208"/>
						<line hits="0" number="214"/>
						<line hits="1" number="215"/>
						<line hits="0" number="216"/>
						<line hits="1" number="217"/>
						<line hits="0" number="219"/>
						<line hits="0" number="220"/>
						<line hits="0" number="226"/>
						<line hits="0" number="228"/>
						<line hits="1" number="229"/>
						<line hits="0" number="235"/>
						<line hits="0" number="236"/>
						<line hits="1" number="238"/>
						<line hits="1" number="239"/>
						<line hits="0" number="267"/>
						<line hits="0" number="268"/>
						<line hits="0" number="269"/>
						<line hits="0" number="270"/>
						<line hits="0" number="271"/>
						<line hits="0" number="272"/>
						<line hits="0" number="273"/>
						<line hits="0" number="274"/>
						<line hits="0" number="275"/>
						<line hits="0" number="277"/>
						<line hits="0" number="278"/>
						<line hits="0" number="284"/>
						<line hits="1" number="285"/>
						<line hits="0" number="286"/>
						<line hits="1" number="287"/>
						<line hits="1" number="289"/>
						<line hits="0" number="297"/>
						<line hits="1" number="298"/>
						<line hits="0" number="299"/>
						<line hits="1" number="300"/>
						<line hits="1" number="301"/>
						<line hits="0" number="302"/>
						<line hits="1" number="303"/>
						<line hits="0" number="304"/>
						<line hits="1" number="305"/>
						<line hits="1" number="306"/>
						<line hits="1" number="307"/>
						<line hits="0" number="311"/>
						<line hits="0" number="319"/>
						<line hits="0" number="320"/>
						<line hits="0" number="321"/>
						<line hits="0" number="322"/>
						<line hits="0" number="323"/>
						<line hits="1" number="326"/>
						<line hits="1" number="347"/>
						<line hits="0" number="349"/>
						<line hits="1" number="350"/>
						<line hits="1" number="351"/>
						<line hits="0" number="352"/>
						<line hits="0" number="354"/>
						<line hits="0" number="355"/>
						<line hits="0" number="356"/>
						<line hits="1" number="358"/>
						<line hits="1" number="360"/>
						<line hits="1" number="363"/>
						<line hits="0" number="365"/>
						<line hits="0" number="366"/>
						<line hits="1" number="368"/>
						<line hits="1" number="369"/>
						<line hits="0" number="371"/>
						<line hits="0" number="372"/>
						<line hits="0" number="375"/>
						<line hits="0" number="377"/>
						<line hits="0" number="378"/>
						<line hits="0" number="379"/>
						<line hits="0" number="380"/>
						<line hits="0" number="381"/>
						<line hits="0" number="382"/>
						<line hits="0" number="386"/>
						<line hits="0" number="387"/>
						<line hits="0" number="393"/>
						<line hits="0" number="395"/>
						<line hits="0" number="408"/>
						<line hits="0" number="409"/>
						<line hits="0" number="413"/>
						<line hits="0" number="416"/>
						<line hits="0" number="417"/>
						<line hits="0" number="419"/>
						<line hits="0" number="420"/>
						<line hits="0" number="424"/>
						<line hits="0" number="430"/>
						<line hits="0" number="431"/>
						<line hits="0" number="437"/>
						<line hits="0" number="438"/>
						<line hits="0" number="439"/>
					</lines>
				</class>
				<class branch-rate="0" complexity="0" filename="sdk/eventhub/azure-eventhub/azure/eventhub/_configuration.py" line-rate="0.2353" name="_configuration.py">
					<methods/>
					<lines>
						<line hits="1" number="5"/>
						<line hits="1" number="7"/>
						<line hits="1" number="10"/>
						<line hits="1" number="11"/>
						<line hits="0" number="12"/>
						<line hits="0" number="13"/>
						<line hits="0" number="14"/>
						<line hits="0" number="15"/>
						<line hits="0" number="16"/>
						<line hits="0" number="17"/>
						<line hits="0" number="18"/>
						<line hits="0" number="19"/>
						<line hits="0" number="24"/>
						<line hits="0" number="25"/>
						<line hits="0" number="26"/>
						<line hits="0" number="27"/>
						<line hits="0" number="28"/>
					</lines>
				</class>
				<class branch-rate="0" complexity="0" filename="sdk/eventhub/azure-eventhub/azure/eventhub/_connection_manager.py" line-rate="0.3016" name="_connection_manager.py">
					<methods/>
					<lines>
						<line hits="1" number="6"/>
						<line hits="1" number="7"/>
						<line hits="1" number="8"/>
						<line hits="1" number="10"/>
						<line hits="1" number="12"/>
						<line hits="0" number="13"/>
						<line hits="0" number="15"/>
						<line hits="0" number="16"/>
						<line hits="0" number="17"/>
						<line hits="0" number="18"/>
						<line hits="0" number="20"/>
						<line hits="0" number="21"/>
						<line hits="0" number="23"/>
						<line hits="0" number="25"/>
						<line hits="0" number="26"/>
						<line hits="0" number="28"/>
						<line hits="0" number="29"/>
						<line hits="1" number="32"/>
						<line hits="1" number="33"/>
						<line hits="1" number="34"/>
						<line hits="1" number="37"/>
						<line hits="1" number="38"/>
						<line hits="0" number="39"/>
						<line hits="0" number="40"/>
						<line hits="0" number="42"/>
						<line hits="0" number="43"/>
						<line hits="0" number="44"/>
						<line hits="0" number="45"/>
						<line hits="0" number="46"/>
						<line hits="0" number="47"/>
						<line hits="0" number="48"/>
						<line hits="0" number="49"/>
						<line hits="0" number="50"/>
						<line hits="0" number="51"/>
						<line hits="0" number="52"/>
						<line hits="1" number="56"/>
						<line hits="0" number="58"/>
						<line hits="0" number="59"/>
						<line hits="0" number="60"/>
						<line hits="0" number="73"/>
						<line hits="1" number="75"/>
						<line hits="0" number="77"/>
						<line hits="0" number="78"/>
						<line hits="0" number="79"/>
						<line hits="0" number="80"/>
						<line hits="1" number="82"/>
						<line hits="0" number="84"/>
						<line hits="0" number="85"/>
						<line hits="0" number="91"/>
						<line hits="1" number="94"/>
						<line hits="1" number="95"/>
						<line hits="0" number="96"/>
						<line hits="1" number="98"/>
						<line hits="0" number="100"/>
						<line hits="1" number="102"/>
						<line hits="0" number="104"/>
						<line hits="1" number="106"/>
						<line hits="0" number="108"/>
						<line hits="1" number="111"/>
						<line hits="0" number="113"/>
						<line hits="0" number="114"/>
						<line hits="0" number="115"/>
						<line hits="0" number="116"/>
					</lines>
				</class>
				<class branch-rate="0" complexity="0" filename="sdk/eventhub/azure-eventhub/azure/eventhub/_constants.py" line-rate="0.6486" name="_constants.py">
					<methods/>
					<lines>
						<line hits="1" number="5"/>
						<line hits="1" number="7"/>
						<line hits="1" number="10"/>
						<line hits="1" number="11"/>
						<line hits="1" number="12"/>
						<line hits="1" number="13"/>
						<line hits="1" number="14"/>
						<line hits="1" number="15"/>
						<line hits="1" number="16"/>
						<line hits="1" number="17"/>
						<line hits="1" number="18"/>
						<line hits="1" number="20"/>
						<line hits="1" number="21"/>
						<line hits="1" number="22"/>
						<line hits="0" number="23"/>
						<line hits="1" number="24"/>
						<line hits="1" number="25"/>
						<line hits="1" number="26"/>
						<line hits="1" number="27"/>
						<line hits="1" number="28"/>
						<line hits="1" number="29"/>
						<line hits="1" number="30"/>
						<line hits="1" number="31"/>
						<line hits="1" number="32"/>
						<line hits="0" number="34"/>
						<line hits="1" number="35"/>
						<line hits="0" number="36"/>
						<line hits="0" number="38"/>
						<line hits="0" number="39"/>
						<line hits="0" number="40"/>
						<line hits="0" number="41"/>
						<line hits="0" number="42"/>
						<line hits="0" number="43"/>
						<line hits="0" number="44"/>
						<line hits="0" number="45"/>
						<line hits="0" number="46"/>
						<line hits="0" number="48"/>
					</lines>
				</class>
				<class branch-rate="0" complexity="0" filename="sdk/eventhub/azure-eventhub/azure/eventhub/_consumer.py" line-rate="0.136" name="_consumer.py">
					<methods/>
					<lines>
						<line hits="1" number="5"/>
						<line hits="1" number="7"/>
						<line hits="1" number="8"/>
						<line hits="1" number="9"/>
						<line hits="0" number="10"/>
						<line hits="1" number="11"/>
						<line hits="1" number="13"/>
						<line hits="0" number="14"/>
						<line hits="1" number="15"/>
						<line hits="1" number="17"/>
						<line hits="1" number="18"/>
						<line hits="1" number="19"/>
						<line hits="0" number="20"/>
						<line hits="1" number="21"/>
						<line hits="0" number="27"/>
						<line hits="0" number="28"/>
						<line hits="0" number="29"/>
						<line hits="1" number="30"/>
						<line hits="1" number="33"/>
						<line hits="0" number="36"/>
						<line hits="0" number="72"/>
						<line hits="0" number="74"/>
						<line hits="0" number="75"/>
						<line hits="0" number="76"/>
						<line hits="0" number="77"/>
						<line hits="0" number="78"/>
						<line hits="0" number="79"/>
						<line hits="0" number="82"/>
						<line hits="0" number="84"/>
						<line hits="0" number="85"/>
						<line hits="0" number="86"/>
						<line hits="0" number="87"/>
						<line hits="0" number="89"/>
						<line hits="0" number="92"/>
						<line hits="0" number="93"/>
						<line hits="0" number="94"/>
						<line hits="0" number="95"/>
						<line hits="0" number="96"/>
						<line hits="0" number="97"/>
						<line hits="0" number="98"/>
						<line hits="0" number="99"/>
						<line hits="0" number="100"/>
						<line hits="0" number="103"/>
						<line hits="0" number="104"/>
						<line hits="0" number="105"/>
						<line hits="0" number="106"/>
						<line hits="0" number="107"/>
						<line hits="0" number="108"/>
						<line hits="0" number="109"/>
						<line hits="0" number="110"/>
						<line hits="0" number="111"/>
						<line hits="0" number="112"/>
						<line hits="0" number="115"/>
						<line hits="0" number="118"/>
						<line hits="0" number="121"/>
						<line hits="1" number="122"/>
						<line hits="0" number="125"/>
						<line hits="0" number="126"/>
						<line hits="0" number="127"/>
						<line hits="0" number="129"/>
						<line hits="0" number="131"/>
						<line hits="0" number="132"/>
						<line hits="0" number="133"/>
						<line hits="0" number="136"/>
						<line hits="0" number="137"/>
						<line hits="0" number="138"/>
						<line hits="0" number="139"/>
						<line hits="0" number="141"/>
						<line hits="0" number="144"/>
						<line hits="1" number="161"/>
						<line hits="0" number="162"/>
						<line hits="0" number="166"/>
						<line hits="0" number="168"/>
						<line hits="0" number="170"/>
						<line hits="1" number="173"/>
						<line hits="0" number="175"/>
						<line hits="0" number="177"/>
						<line hits="0" number="178"/>
						<line hits="0" number="179"/>
						<line hits="0" number="180"/>
						<line hits="0" number="181"/>
						<line hits="0" number="183"/>
						<line hits="0" number="189"/>
						<line hits="0" number="190"/>
						<line hits="0" number="191"/>
						<line hits="0" number="192"/>
						<line hits="0" number="193"/>
						<line hits="1" number="194"/>
						<line hits="0" number="199"/>
						<line hits="0" number="200"/>
						<line hits="0" number="202"/>
						<line hits="0" number="203"/>
						<line hits="0" number="204"/>
						<line hits="0" number="205"/>
						<line hits="0" number="207"/>
						<line hits="0" number="208"/>
						<line hits="0" number="209"/>
						<line hits="0" number="212"/>
						<line hits="0" number="213"/>
						<line hits="0" number="214"/>
						<line hits="0" number="215"/>
						<line hits="0" number="216"/>
						<line hits="0" number="217"/>
						<line hits="0" number="218"/>
						<line hits="0" number="219"/>
						<line hits="0" number="220"/>
						<line hits="0" number="221"/>
						<line hits="0" number="225"/>
						<line hits="0" number="226"/>
						<line hits="0" number="227"/>
						<line hits="0" number="228"/>
						<line hits="0" number="229"/>
						<line hits="0" number="230"/>
						<line hits="0" number="231"/>
						<line hits="0" number="232"/>
						<line hits="0" number="233"/>
						<line hits="0" number="238"/>
						<line hits="0" number="239"/>
						<line hits="0" number="242"/>
						<line hits="0" number="243"/>
						<line hits="0" number="244"/>
						<line hits="0" number="245"/>
						<line hits="0" number="248"/>
						<line hits="0" number="250"/>
						<line hits="0" number="251"/>
					</lines>
				</class>
				<class branch-rate="0" complexity="0" filename="sdk/eventhub/azure-eventhub/azure/eventhub/_consumer_client.py" line-rate="0.1023" name="_consumer_client.py">
					<methods/>
					<lines>
						<line hits="1" number="5"/>
						<line hits="1" number="6"/>
						<line hits="1" number="7"/>
						<line hits="0" number="9"/>
						<line hits="0" number="10"/>
						<line hits="0" number="11"/>
						<line hits="0" number="12"/>
						<line hits="0" number="13"/>
						<line hits="0" number="16"/>
						<line hits="0" number="17"/>
						<line hits="1" number="18"/>
						<line hits="1" number="19"/>
						<line hits="0" number="28"/>
						<line hits="1" number="29"/>
						<line hits="0" number="31"/>
						<line hits="0" number="34"/>
						<line hits="1" number="117"/>
						<line hits="0" number="126"/>
						<line hits="0" number="127"/>
						<line hits="1" number="128"/>
						<line hits="0" number="129"/>
						<line hits="0" number="130"/>
						<line hits="0" number="133"/>
						<line hits="0" number="134"/>
						<line hits="0" number="135"/>
						<line hits="0" number="136"/>
						<line hits="0" number="138"/>
						<line hits="0" number="139"/>
						<line hits="0" number="140"/>
						<line hits="0" number="147"/>
						<line hits="0" number="148"/>
						<line hits="0" number="150"/>
						<line hits="0" number="151"/>
						<line hits="0" number="153"/>
						<line hits="0" number="154"/>
						<line hits="1" number="156"/>
						<line hits="0" number="165"/>
						<line hits="0" number="166"/>
						<line hits="0" number="167"/>
						<line hits="0" number="170"/>
						<line hits="0" number="172"/>
						<line hits="0" number="175"/>
						<line hits="0" number="186"/>
						<line hits="0" number="188"/>
						<line hits="0" number="189"/>
						<line hits="0" number="253"/>
						<line hits="0" number="256"/>
						<line hits="0" number="258"/>
						<line hits="0" number="259"/>
						<line hits="0" number="260"/>
						<line hits="0" number="261"/>
						<line hits="0" number="262"/>
						<line hits="0" number="263"/>
						<line hits="0" number="269"/>
						<line hits="0" number="272"/>
						<line hits="0" number="276"/>
						<line hits="0" number="277"/>
						<line hits="0" number="283"/>
						<line hits="0" number="284"/>
						<line hits="0" number="285"/>
						<line hits="0" number="287"/>
						<line hits="0" number="288"/>
						<line hits="0" number="291"/>
						<line hits="0" number="303"/>
						<line hits="0" number="306"/>
						<line hits="0" number="307"/>
						<line hits="0" number="309"/>
						<line hits="0" number="310"/>
						<line hits="0" number="311"/>
						<line hits="0" number="312"/>
						<line hits="0" number="315"/>
						<line hits="0" number="316"/>
						<line hits="0" number="318"/>
						<line hits="0" number="392"/>
						<line hits="0" number="394"/>
						<line hits="0" number="469"/>
						<line hits="0" number="471"/>
						<line hits="0" number="484"/>
						<line hits="0" number="486"/>
						<line hits="0" number="493"/>
						<line hits="0" number="495"/>
						<line hits="0" number="514"/>
						<line hits="0" number="518"/>
						<line hits="0" number="534"/>
						<line hits="0" number="535"/>
						<line hits="0" number="536"/>
						<line hits="0" number="537"/>
						<line hits="0" number="538"/>
					</lines>
				</class>
				<class branch-rate="0" complexity="0" filename="sdk/eventhub/azure-eventhub/azure/eventhub/_producer.py" line-rate="0.2417" name="_producer.py">
					<methods/>
					<lines>
						<line hits="1" number="5"/>
						<line hits="1" number="7"/>
						<line hits="1" number="8"/>
						<line hits="1" number="9"/>
						<line hits="1" number="10"/>
						<line hits="1" number="11"/>
						<line hits="1" number="21"/>
						<line hits="1" number="22"/>
						<line hits="1" number="24"/>
						<line hits="1" number="26"/>
						<line hits="1" number="27"/>
						<line hits="1" number="28"/>
						<line hits="1" number="29"/>
						<line hits="1" number="36"/>
						<line hits="1" number="38"/>
						<line hits="1" number="40"/>
						<line hits="0" number="41"/>
						<line hits="0" number="42"/>
						<line hits="1" number="45"/>
						<line hits="0" number="47"/>
						<line hits="0" number="48"/>
						<line hits="0" number="49"/>
						<line hits="1" number="52"/>
						<line hits="0" number="54"/>
						<line hits="0" number="55"/>
						<line hits="0" number="56"/>
						<line hits="0" number="57"/>
						<line hits="1" number="60"/>
						<line hits="1" number="85"/>
						<line hits="0" number="87"/>
						<line hits="0" number="88"/>
						<line hits="0" number="89"/>
						<line hits="0" number="90"/>
						<line hits="0" number="91"/>
						<line hits="0" number="93"/>
						<line hits="0" number="94"/>
						<line hits="0" number="96"/>
						<line hits="0" number="97"/>
						<line hits="0" number="98"/>
						<line hits="0" number="99"/>
						<line hits="0" number="100"/>
						<line hits="0" number="101"/>
						<line hits="0" number="102"/>
						<line hits="0" number="103"/>
						<line hits="0" number="104"/>
						<line hits="0" number="105"/>
						<line hits="0" number="108"/>
						<line hits="0" number="109"/>
						<line hits="0" number="110"/>
						<line hits="0" number="111"/>
						<line hits="0" number="112"/>
						<line hits="0" number="113"/>
						<line hits="0" number="114"/>
						<line hits="0" number="115"/>
						<line hits="0" number="116"/>
						<line hits="0" number="117"/>
						<line hits="0" number="118"/>
						<line hits="1" number="122"/>
						<line hits="0" number="124"/>
						<line hits="1" number="137"/>
						<line hits="0" number="139"/>
						<line hits="1" number="141"/>
						<line hits="0" number="143"/>
						<line hits="0" number="144"/>
						<line hits="0" number="145"/>
						<line hits="0" number="146"/>
						<line hits="0" number="147"/>
						<line hits="0" number="148"/>
						<line hits="0" number="150"/>
						<line hits="0" number="151"/>
						<line hits="0" number="152"/>
						<line hits="0" number="153"/>
						<line hits="1" number="155"/>
						<line hits="0" number="157"/>
						<line hits="0" number="158"/>
						<line hits="0" number="159"/>
						<line hits="0" number="160"/>
						<line hits="0" number="161"/>
						<line hits="0" number="162"/>
						<line hits="0" number="163"/>
						<line hits="0" number="164"/>
						<line hits="0" number="165"/>
						<line hits="0" number="166"/>
						<line hits="0" number="167"/>
						<line hits="1" number="169"/>
						<line hits="0" number="171"/>
						<line hits="1" number="173"/>
						<line hits="0" number="183"/>
						<line hits="0" number="184"/>
						<line hits="1" number="186"/>
						<line hits="0" number="193"/>
						<line hits="0" number="194"/>
						<line hits="0" number="195"/>
						<line hits="0" number="196"/>
						<line hits="0" number="197"/>
						<line hits="0" number="198"/>
						<line hits="0" number="200"/>
						<line hits="0" number="203"/>
						<line hits="0" number="206"/>
						<line hits="0" number="209"/>
						<line hits="0" number="210"/>
						<line hits="0" number="211"/>
						<line hits="0" number="213"/>
						<line hits="0" number="214"/>
						<line hits="0" number="215"/>
						<line hits="0" number="216"/>
						<line hits="0" number="217"/>
						<line hits="0" number="218"/>
						<line hits="1" number="220"/>
						<line hits="0" number="251"/>
						<line hits="0" number="252"/>
						<line hits="0" number="253"/>
						<line hits="0" number="254"/>
						<line hits="0" number="255"/>
						<line hits="0" number="257"/>
						<line hits="0" number="258"/>
						<line hits="0" number="262"/>
						<line hits="1" number="264"/>
						<line hits="0" number="270"/>
						<line hits="0" number="271"/>
					</lines>
				</class>
				<class branch-rate="0" complexity="0" filename="sdk/eventhub/azure-eventhub/azure/eventhub/_producer_client.py" line-rate="0.1023" name="_producer_client.py">
					<methods/>
					<lines>
						<line hits="1" number="5"/>
						<line hits="1" number="6"/>
						<line hits="1" number="8"/>
						<line hits="0" number="10"/>
						<line hits="1" number="12"/>
						<line hits="1" number="13"/>
						<line hits="1" number="14"/>
						<line hits="1" number="15"/>
						<line hits="0" number="16"/>
						<line hits="0" number="18"/>
						<line hits="0" number="19"/>
						<line hits="0" number="21"/>
						<line hits="0" number="24"/>
						<line hits="0" number="62"/>
						<line hits="0" number="70"/>
						<line hits="0" number="77"/>
						<line hits="0" number="80"/>
						<line hits="0" number="81"/>
						<line hits="0" number="82"/>
						<line hits="0" number="84"/>
						<line hits="0" number="85"/>
						<line hits="0" number="87"/>
						<line hits="0" number="88"/>
						<line hits="0" number="90"/>
						<line hits="0" number="92"/>
						<line hits="0" number="93"/>
						<line hits="0" number="94"/>
						<line hits="0" number="95"/>
						<line hits="0" number="97"/>
						<line hits="0" number="100"/>
						<line hits="0" number="101"/>
						<line hits="0" number="102"/>
						<line hits="0" number="105"/>
						<line hits="0" number="112"/>
						<line hits="0" number="114"/>
						<line hits="0" number="115"/>
						<line hits="0" number="116"/>
						<line hits="0" number="120"/>
						<line hits="0" number="126"/>
						<line hits="0" number="130"/>
						<line hits="0" number="134"/>
						<line hits="0" number="136"/>
						<line hits="0" number="137"/>
						<line hits="0" number="141"/>
						<line hits="0" number="148"/>
						<line hits="0" number="150"/>
						<line hits="0" number="151"/>
						<line hits="0" number="183"/>
						<line hits="0" number="184"/>
						<line hits="0" number="186"/>
						<line hits="0" number="229"/>
						<line hits="0" number="230"/>
						<line hits="0" number="231"/>
						<line hits="0" number="232"/>
						<line hits="0" number="233"/>
						<line hits="0" number="235"/>
						<line hits="0" number="237"/>
						<line hits="0" number="238"/>
						<line hits="0" number="239"/>
						<line hits="0" number="242"/>
						<line hits="0" number="243"/>
						<line hits="0" number="244"/>
						<line hits="0" number="247"/>
						<line hits="0" number="248"/>
						<line hits="0" number="249"/>
						<line hits="0" number="253"/>
						<line hits="0" number="278"/>
						<line hits="0" number="279"/>
						<line hits="0" number="281"/>
						<line hits="0" number="282"/>
						<line hits="0" number="283"/>
						<line hits="0" number="285"/>
						<line hits="1" number="286"/>
						<line hits="1" number="292"/>
						<line hits="0" number="298"/>
						<line hits="0" number="300"/>
						<line hits="0" number="313"/>
						<line hits="0" number="315"/>
						<line hits="0" number="322"/>
						<line hits="0" number="324"/>
						<line hits="0" number="343"/>
						<line hits="0" number="347"/>
						<line hits="0" number="363"/>
						<line hits="0" number="364"/>
						<line hits="0" number="365"/>
						<line hits="0" number="366"/>
						<line hits="0" number="367"/>
						<line hits="0" number="368"/>
					</lines>
				</class>
				<class branch-rate="0" complexity="0" filename="sdk/eventhub/azure-eventhub/azure/eventhub/_utils.py" line-rate="0.3571" name="_utils.py">
					<methods/>
					<lines>
						<line hits="1" number="5"/>
						<line hits="1" number="7"/>
						<line hits="1" number="8"/>
						<line hits="1" number="9"/>
						<line hits="1" number="10"/>
						<line hits="1" number="11"/>
						<line hits="1" number="12"/>
						<line hits="1" number="13"/>
						<line hits="1" number="15"/>
						<line hits="1" number="17"/>
						<line hits="1" number="18"/>
						<line hits="1" number="20"/>
						<line hits="1" number="21"/>
						<line hits="1" number="23"/>
						<line hits="1" number="24"/>
						<line hits="1" number="34"/>
						<line hits="0" number="36"/>
						<line hits="0" number="37"/>
						<line hits="0" number="38"/>
						<line hits="1" number="40"/>
						<line hits="1" number="43"/>
						<line hits="1" number="46"/>
						<line hits="0" number="48"/>
						<line hits="1" number="50"/>
						<line hits="0" number="52"/>
						<line hits="1" number="54"/>
						<line hits="0" number="56"/>
						<line hits="1" number="59"/>
						<line hits="1" number="60"/>
						<line hits="1" number="62"/>
						<line hits="0" number="63"/>
						<line hits="0" number="64"/>
						<line hits="1" number="67"/>
						<line hits="0" number="68"/>
						<line hits="1" number="71"/>
						<line hits="0" number="79"/>
						<line hits="0" number="80"/>
						<line hits="0" number="81"/>
						<line hits="0" number="82"/>
						<line hits="0" number="85"/>
						<line hits="0" number="86"/>
						<line hits="0" number="87"/>
						<line hits="0" number="89"/>
						<line hits="0" number="92"/>
						<line hits="0" number="93"/>
						<line hits="0" number="95"/>
						<line hits="0" number="96"/>
						<line hits="0" number="102"/>
						<line hits="0" number="103"/>
						<line hits="1" number="106"/>
						<line hits="1" number="114"/>
						<line hits="1" number="115"/>
						<line hits="1" number="116"/>
						<line hits="1" number="117"/>
						<line hits="1" number="118"/>
						<line hits="1" number="121"/>
						<line hits="1" number="122"/>
						<line hits="1" number="123"/>
						<line hits="1" number="124"/>
						<line hits="1" number="127"/>
						<line hits="0" number="128"/>
						<line hits="0" number="129"/>
						<line hits="0" number="133"/>
						<line hits="0" number="134"/>
						<line hits="0" number="135"/>
						<line hits="0" number="136"/>
						<line hits="0" number="138"/>
						<line hits="1" number="141"/>
						<line hits="0" number="144"/>
						<line hits="0" number="145"/>
						<line hits="0" number="146"/>
						<line hits="0" number="147"/>
						<line hits="0" number="148"/>
						<line hits="0" number="149"/>
						<line hits="0" number="150"/>
						<line hits="1" number="153"/>
						<line hits="1" number="160"/>
						<line hits="1" number="161"/>
						<line hits="1" number="162"/>
						<line hits="0" number="163"/>
						<line hits="0" number="166"/>
						<line hits="0" number="167"/>
						<line hits="0" number="168"/>
						<line hits="0" number="169"/>
						<line hits="0" number="170"/>
						<line hits="0" number="171"/>
						<line hits="0" number="174"/>
						<line hits="0" number="175"/>
						<line hits="1" number="178"/>
						<line hits="0" number="184"/>
						<line hits="0" number="185"/>
						<line hits="0" number="186"/>
						<line hits="0" number="187"/>
						<line hits="0" number="188"/>
						<line hits="0" number="191"/>
						<line hits="0" number="192"/>
						<line hits="0" number="193"/>
						<line hits="0" number="194"/>
						<line hits="0" number="195"/>
						<line hits="1" number="196"/>
						<line hits="0" number="200"/>
						<line hits="0" number="201"/>
						<line hits="0" number="204"/>
						<line hits="0" number="207"/>
						<line hits="0" number="208"/>
						<line hits="0" number="209"/>
						<line hits="0" number="212"/>
						<line hits="0" number="217"/>
						<line hits="1" number="218"/>
						<line hits="0" number="221"/>
						<line hits="0" number="226"/>
						<line hits="0" number="233"/>
						<line hits="0" number="234"/>
						<line hits="0" number="236"/>
						<line hits="0" number="237"/>
						<line hits="0" number="240"/>
						<line hits="0" number="243"/>
						<line hits="0" number="244"/>
						<line hits="0" number="245"/>
						<line hits="0" number="248"/>
						<line hits="0" number="249"/>
						<line hits="0" number="252"/>
						<line hits="0" number="255"/>
						<line hits="0" number="257"/>
						<line hits="0" number="263"/>
						<line hits="0" number="264"/>
					</lines>
				</class>
				<class branch-rate="0" complexity="0" filename="sdk/eventhub/azure-eventhub/azure/eventhub/_version.py" line-rate="1" name="_version.py">
					<methods/>
					<lines>
						<line hits="1" number="6"/>
					</lines>
				</class>
				<class branch-rate="0" complexity="0" filename="sdk/eventhub/azure-eventhub/azure/eventhub/exceptions.py" line-rate="0.2069" name="exceptions.py">
					<methods/>
					<lines>
						<line hits="1" number="5"/>
						<line hits="1" number="6"/>
						<line hits="1" number="8"/>
						<line hits="1" number="10"/>
						<line hits="1" number="12"/>
						<line hits="1" number="15"/>
						<line hits="0" number="26"/>
						<line hits="0" number="27"/>
						<line hits="0" number="28"/>
						<line hits="0" number="29"/>
						<line hits="0" number="30"/>
						<line hits="0" number="31"/>
						<line hits="0" number="32"/>
						<line hits="0" number="33"/>
						<line hits="0" number="34"/>
						<line hits="0" number="35"/>
						<line hits="0" number="36"/>
						<line hits="1" number="39"/>
						<line hits="1" number="51"/>
						<line hits="1" number="52"/>
						<line hits="1" number="53"/>
						<line hits="1" number="54"/>
						<line hits="1" number="55"/>
						<line hits="0" number="56"/>
						<line hits="0" number="57"/>
						<line hits="0" number="58"/>
						<line hits="0" number="59"/>
						<line hits="0" number="60"/>
						<line hits="0" number="61"/>
						<line hits="0" number="62"/>
						<line hits="0" number="63"/>
						<line hits="0" number="64"/>
						<line hits="0" number="65"/>
						<line hits="0" number="66"/>
						<line hits="0" number="67"/>
						<line hits="0" number="68"/>
						<line hits="0" number="69"/>
						<line hits="0" number="70"/>
						<line hits="0" number="71"/>
						<line hits="1" number="72"/>
						<line hits="1" number="74"/>
						<line hits="0" number="75"/>
						<line hits="0" number="76"/>
						<line hits="0" number="81"/>
						<line hits="0" number="82"/>
						<line hits="0" number="83"/>
						<line hits="0" number="84"/>
						<line hits="0" number="86"/>
						<line hits="0" number="87"/>
						<line hits="0" number="88"/>
						<line hits="0" number="89"/>
						<line hits="0" number="90"/>
						<line hits="0" number="91"/>
						<line hits="0" number="92"/>
						<line hits="0" number="93"/>
						<line hits="1" number="96"/>
						<line hits="1" number="100"/>
						<line hits="1" number="106"/>
						<line hits="1" number="110"/>
						<line hits="1" number="114"/>
						<line hits="1" number="118"/>
						<line hits="1" number="122"/>
						<line hits="1" number="126"/>
						<line hits="1" number="130"/>
						<line hits="0" number="131"/>
						<line hits="0" number="132"/>
						<line hits="0" number="133"/>
						<line hits="0" number="134"/>
						<line hits="0" number="135"/>
						<line hits="0" number="136"/>
						<line hits="0" number="137"/>
						<line hits="0" number="138"/>
						<line hits="0" number="139"/>
						<line hits="0" number="140"/>
						<line hits="0" number="141"/>
						<line hits="0" number="142"/>
						<line hits="0" number="147"/>
						<line hits="0" number="148"/>
						<line hits="0" number="149"/>
						<line hits="0" number="151"/>
						<line hits="0" number="152"/>
						<line hits="1" number="155"/>
						<line hits="0" number="158"/>
						<line hits="0" number="159"/>
						<line hits="0" number="160"/>
						<line hits="0" number="161"/>
						<line hits="0" number="162"/>
						<line hits="0" number="163"/>
						<line hits="0" number="164"/>
						<line hits="0" number="165"/>
						<line hits="0" number="166"/>
						<line hits="0" number="167"/>
						<line hits="0" number="168"/>
						<line hits="0" number="169"/>
						<line hits="0" number="180"/>
						<line hits="0" number="181"/>
						<line hits="0" number="182"/>
						<line hits="0" number="183"/>
						<line hits="0" number="184"/>
						<line hits="0" number="185"/>
						<line hits="0" number="186"/>
						<line hits="0" number="188"/>
						<line hits="0" number="189"/>
						<line hits="0" number="190"/>
						<line hits="0" number="191"/>
						<line hits="0" number="192"/>
						<line hits="0" number="193"/>
						<line hits="0" number="194"/>
						<line hits="0" number="195"/>
						<line hits="0" number="196"/>
						<line hits="0" number="197"/>
						<line hits="0" number="198"/>
						<line hits="0" number="199"/>
						<line hits="0" number="201"/>
						<line hits="0" number="202"/>
						<line hits="0" number="203"/>
					</lines>
				</class>
			</classes>
		</package>
		<package branch-rate="0" complexity="0" line-rate="0.6802" name="sdk.eventhub.azure-eventhub.azure.eventhub._eventprocessor">
			<classes>
				<class branch-rate="0" complexity="0" filename="sdk/eventhub/azure-eventhub/azure/eventhub/_eventprocessor/__init__.py" line-rate="1" name="__init__.py">
					<methods/>
					<lines/>
				</class>
				<class branch-rate="0" complexity="0" filename="sdk/eventhub/azure-eventhub/azure/eventhub/_eventprocessor/_eventprocessor_mixin.py" line-rate="0.4694" name="_eventprocessor_mixin.py">
					<methods/>
					<lines>
						<line hits="1" number="6"/>
						<line hits="1" number="7"/>
						<line hits="1" number="8"/>
						<line hits="0" number="23"/>
						<line hits="1" number="24"/>
						<line hits="1" number="26"/>
						<line hits="0" number="28"/>
						<line hits="0" number="30"/>
						<line hits="0" number="31"/>
						<line hits="0" number="32"/>
						<line hits="0" number="33"/>
						<line hits="0" number="34"/>
						<line hits="0" number="35"/>
						<line hits="0" number="40"/>
						<line hits="1" number="42"/>
						<line hits="1" number="45"/>
						<line hits="1" number="46"/>
						<line hits="1" number="47"/>
						<line hits="0" number="48"/>
						<line hits="1" number="49"/>
						<line hits="1" number="50"/>
						<line hits="1" number="54"/>
						<line hits="1" number="56"/>
						<line hits="0" number="58"/>
						<line hits="0" number="59"/>
						<line hits="1" number="60"/>
						<line hits="0" number="63"/>
						<line hits="1" number="64"/>
						<line hits="0" number="66"/>
						<line hits="1" number="67"/>
						<line hits="0" number="68"/>
						<line hits="0" number="69"/>
						<line hits="1" number="70"/>
						<line hits="1" number="72"/>
						<line hits="1" number="76"/>
						<line hits="1" number="78"/>
						<line hits="1" number="87"/>
						<line hits="1" number="98"/>
						<line hits="0" number="100"/>
						<line hits="0" number="101"/>
						<line hits="1" number="104"/>
						<line hits="0" number="105"/>
						<line hits="0" number="106"/>
						<line hits="0" number="108"/>
						<line hits="0" number="109"/>
						<line hits="0" number="110"/>
						<line hits="0" number="112"/>
						<line hits="0" number="113"/>
						<line hits="0" number="114"/>
					</lines>
				</class>
				<class branch-rate="0" complexity="0" filename="sdk/eventhub/azure-eventhub/azure/eventhub/_eventprocessor/checkpoint_store.py" line-rate="0.6364" name="checkpoint_store.py">
					<methods/>
					<lines>
						<line hits="1" number="6"/>
						<line hits="1" number="7"/>
						<line hits="1" number="10"/>
						<line hits="1" number="16"/>
						<line hits="0" number="17"/>
						<line hits="1" number="40"/>
						<line hits="0" number="41"/>
						<line hits="1" number="60"/>
						<line hits="0" number="61"/>
						<line hits="1" number="85"/>
						<line hits="0" number="86"/>
					</lines>
				</class>
				<class branch-rate="0" complexity="0" filename="sdk/eventhub/azure-eventhub/azure/eventhub/_eventprocessor/common.py" line-rate="0.5714" name="common.py">
					<methods/>
					<lines>
						<line hits="1" number="6"/>
						<line hits="1" number="9"/>
						<line hits="1" number="13"/>
						<line hits="1" number="17"/>
						<line hits="0" number="20"/>
						<line hits="0" number="21"/>
						<line hits="0" number="22"/>
					</lines>
				</class>
				<class branch-rate="0" complexity="0" filename="sdk/eventhub/azure-eventhub/azure/eventhub/_eventprocessor/event_processor.py" line-rate="0.589" name="event_processor.py">
					<methods/>
					<lines>
						<line hits="1" number="5"/>
						<line hits="1" number="6"/>
						<line hits="1" number="7"/>
						<line hits="1" number="8"/>
						<line hits="1" number="9"/>
						<line hits="1" number="10"/>
						<line hits="0" number="21"/>
						<line hits="1" number="23"/>
						<line hits="1" number="24"/>
						<line hits="1" number="25"/>
						<line hits="1" number="26"/>
						<line hits="0" number="27"/>
						<line hits="0" number="29"/>
						<line hits="0" number="30"/>
						<line hits="0" number="31"/>
						<line hits="0" number="32"/>
						<line hits="0" number="33"/>
						<line hits="0" number="34"/>
						<line hits="0" number="36"/>
						<line hits="1" number="39"/>
						<line hits="0" number="48"/>
						<line hits="1" number="57"/>
						<line hits="0" number="58"/>
						<line hits="1" number="59"/>
						<line hits="1" number="62"/>
						<line hits="1" number="63"/>
						<line hits="1" number="64"/>
						<line hits="1" number="65"/>
						<line hits="0" number="66"/>
						<line hits="1" number="67"/>
						<line hits="1" number="68"/>
						<line hits="1" number="71"/>
						<line hits="1" number="74"/>
						<line hits="1" number="77"/>
						<line hits="0" number="78"/>
						<line hits="1" number="79"/>
						<line hits="1" number="82"/>
						<line hits="1" number="86"/>
						<line hits="0" number="89"/>
						<line hits="1" number="90"/>
						<line hits="1" number="93"/>
						<line hits="1" number="96"/>
						<line hits="0" number="97"/>
						<line hits="1" number="98"/>
						<line hits="1" number="99"/>
						<line hits="1" number="100"/>
						<line hits="1" number="103"/>
						<line hits="1" number="104"/>
						<line hits="1" number="105"/>
						<line hits="1" number="107"/>
						<line hits="1" number="108"/>
						<line hits="1" number="118"/>
						<line hits="1" number="120"/>
						<line hits="1" number="122"/>
						<line hits="0" number="123"/>
						<line hits="1" number="124"/>
						<line hits="1" number="125"/>
						<line hits="1" number="126"/>
						<line hits="1" number="127"/>
						<line hits="1" number="137"/>
						<line hits="1" number="139"/>
						<line hits="1" number="140"/>
						<line hits="1" number="145"/>
						<line hits="0" number="146"/>
						<line hits="0" number="147"/>
						<line hits="1" number="148"/>
						<line hits="1" number="154"/>
						<line hits="0" number="155"/>
						<line hits="1" number="156"/>
						<line hits="1" number="157"/>
						<line hits="1" number="158"/>
						<line hits="1" number="159"/>
						<line hits="1" number="168"/>
						<line hits="1" number="169"/>
						<line hits="1" number="175"/>
						<line hits="0" number="177"/>
						<line hits="1" number="178"/>
						<line hits="1" number="183"/>
						<line hits="1" number="184"/>
						<line hits="0" number="185"/>
						<line hits="0" number="186"/>
						<line hits="1" number="187"/>
						<line hits="1" number="189"/>
						<line hits="1" number="196"/>
						<line hits="1" number="198"/>
						<line hits="1" number="199"/>
						<line hits="1" number="203"/>
						<line hits="1" number="206"/>
						<line hits="0" number="215"/>
						<line hits="0" number="217"/>
						<line hits="0" number="219"/>
						<line hits="0" number="220"/>
						<line hits="0" number="221"/>
						<line hits="0" number="222"/>
						<line hits="0" number="223"/>
						<line hits="0" number="224"/>
						<line hits="0" number="225"/>
						<line hits="1" number="227"/>
						<line hits="1" number="229"/>
						<line hits="0" number="239"/>
						<line hits="1" number="240"/>
						<line hits="1" number="241"/>
						<line hits="0" number="242"/>
						<line hits="0" number="243"/>
						<line hits="0" number="244"/>
						<line hits="0" number="245"/>
						<line hits="0" number="246"/>
						<line hits="0" number="247"/>
						<line hits="0" number="248"/>
						<line hits="1" number="249"/>
						<line hits="1" number="250"/>
						<line hits="0" number="255"/>
						<line hits="1" number="259"/>
						<line hits="0" number="263"/>
						<line hits="0" number="264"/>
						<line hits="1" number="265"/>
						<line hits="1" number="266"/>
						<line hits="1" number="276"/>
						<line hits="1" number="286"/>
						<line hits="1" number="288"/>
						<line hits="0" number="290"/>
						<line hits="1" number="292"/>
						<line hits="1" number="293"/>
						<line hits="1" number="294"/>
						<line hits="1" number="296"/>
						<line hits="1" number="306"/>
						<line hits="0" number="307"/>
						<line hits="1" number="308"/>
						<line hits="0" number="309"/>
						<line hits="1" number="310"/>
						<line hits="0" number="319"/>
						<line hits="1" number="321"/>
						<line hits="1" number="323"/>
						<line hits="0" number="327"/>
						<line hits="1" number="328"/>
						<line hits="1" number="329"/>
						<line hits="1" number="330"/>
						<line hits="0" number="339"/>
						<line hits="1" number="340"/>
						<line hits="0" number="344"/>
						<line hits="1" number="346"/>
						<line hits="1" number="347"/>
						<line hits="0" number="348"/>
						<line hits="0" number="350"/>
						<line hits="0" number="351"/>
						<line hits="0" number="352"/>
						<line hits="0" number="353"/>
						<line hits="0" number="354"/>
						<line hits="0" number="356"/>
						<line hits="0" number="357"/>
						<line hits="0" number="358"/>
						<line hits="0" number="359"/>
						<line hits="1" number="362"/>
						<line hits="0" number="364"/>
						<line hits="1" number="366"/>
						<line hits="1" number="367"/>
						<line hits="0" number="368"/>
						<line hits="0" number="370"/>
						<line hits="0" number="383"/>
						<line hits="0" number="384"/>
						<line hits="0" number="385"/>
						<line hits="0" number="387"/>
						<line hits="0" number="388"/>
					</lines>
				</class>
				<class branch-rate="0" complexity="0" filename="sdk/eventhub/azure-eventhub/azure/eventhub/_eventprocessor/in_memory_checkpoint_store.py" line-rate="0.9684" name="in_memory_checkpoint_store.py">
					<methods/>
					<lines>
						<line hits="1" number="5"/>
						<line hits="1" number="6"/>
						<line hits="1" number="7"/>
						<line hits="1" number="8"/>
						<line hits="1" number="10"/>
						<line hits="1" number="12"/>
						<line hits="1" number="15"/>
						<line hits="1" number="16"/>
						<line hits="1" number="17"/>
						<line hits="1" number="18"/>
						<line hits="1" number="19"/>
						<line hits="1" number="20"/>
						<line hits="1" number="22"/>
						<line hits="1" number="24"/>
						<line hits="1" number="25"/>
						<line hits="0" number="26"/>
						<line hits="1" number="27"/>
						<line hits="1" number="29"/>
						<line hits="1" number="30"/>
						<line hits="0" number="31"/>
						<line hits="1" number="32"/>
						<line hits="1" number="34"/>
						<line hits="1" number="35"/>
						<line hits="0" number="36"/>
						<line hits="1" number="37"/>
						<line hits="1" number="40"/>
						<line hits="1" number="41"/>
						<line hits="1" number="42"/>
						<line hits="1" number="43"/>
						<line hits="1" number="44"/>
						<line hits="1" number="45"/>
						<line hits="1" number="48"/>
						<line hits="1" number="49"/>
						<line hits="1" number="50"/>
						<line hits="1" number="51"/>
						<line hits="1" number="52"/>
						<line hits="1" number="53"/>
						<line hits="1" number="56"/>
						<line hits="1" number="57"/>
						<line hits="1" number="58"/>
						<line hits="1" number="59"/>
						<line hits="1" number="60"/>
						<line hits="1" number="61"/>
						<line hits="1" number="62"/>
						<line hits="1" number="63"/>
						<line hits="1" number="64"/>
						<line hits="1" number="67"/>
						<line hits="1" number="68"/>
						<line hits="1" number="69"/>
						<line hits="1" number="70"/>
						<line hits="1" number="72"/>
						<line hits="1" number="73"/>
						<line hits="1" number="75"/>
						<line hits="1" number="76"/>
						<line hits="1" number="77"/>
						<line hits="1" number="78"/>
						<line hits="1" number="79"/>
						<line hits="1" number="80"/>
						<line hits="1" number="82"/>
						<line hits="1" number="83"/>
						<line hits="1" number="86"/>
						<line hits="1" number="87"/>
						<line hits="1" number="90"/>
						<line hits="1" number="94"/>
						<line hits="1" number="99"/>
						<line hits="1" number="101"/>
						<line hits="1" number="102"/>
						<line hits="1" number="104"/>
						<line hits="1" number="106"/>
						<line hits="1" number="107"/>
						<line hits="1" number="108"/>
						<line hits="1" number="109"/>
						<line hits="1" number="110"/>
						<line hits="1" number="111"/>
						<line hits="1" number="112"/>
						<line hits="1" number="113"/>
						<line hits="1" number="116"/>
						<line hits="1" number="117"/>
						<line hits="1" number="118"/>
						<line hits="1" number="119"/>
						<line hits="1" number="120"/>
						<line hits="1" number="121"/>
						<line hits="1" number="122"/>
						<line hits="1" number="123"/>
						<line hits="1" number="124"/>
						<line hits="1" number="126"/>
						<line hits="1" number="127"/>
						<line hits="1" number="128"/>
						<line hits="1" number="131"/>
						<line hits="1" number="132"/>
						<line hits="1" number="134"/>
						<line hits="1" number="136"/>
						<line hits="1" number="138"/>
						<line hits="1" number="141"/>
						<line hits="1" number="142"/>
					</lines>
				</class>
				<class branch-rate="0" complexity="0" filename="sdk/eventhub/azure-eventhub/azure/eventhub/_eventprocessor/ownership_manager.py" line-rate="0.663" name="ownership_manager.py">
					<methods/>
					<lines>
						<line hits="0" number="5"/>
						<line hits="1" number="6"/>
						<line hits="1" number="7"/>
						<line hits="1" number="8"/>
						<line hits="1" number="9"/>
						<line hits="1" number="11"/>
						<line hits="0" number="12"/>
						<line hits="0" number="13"/>
						<line hits="0" number="14"/>
						<line hits="0" number="15"/>
						<line hits="0" number="18"/>
						<line hits="1" number="29"/>
						<line hits="1" number="39"/>
						<line hits="0" number="40"/>
						<line hits="1" number="41"/>
						<line hits="1" number="42"/>
						<line hits="1" number="45"/>
						<line hits="1" number="46"/>
						<line hits="1" number="47"/>
						<line hits="1" number="48"/>
						<line hits="1" number="49"/>
						<line hits="0" number="50"/>
						<line hits="1" number="51"/>
						<line hits="0" number="53"/>
						<line hits="0" number="57"/>
						<line hits="1" number="58"/>
						<line hits="1" number="60"/>
						<line hits="0" number="61"/>
						<line hits="0" number="62"/>
						<line hits="1" number="63"/>
						<line hits="0" number="69"/>
						<line hits="1" number="70"/>
						<line hits="1" number="72"/>
						<line hits="1" number="75"/>
						<line hits="1" number="76"/>
						<line hits="1" number="79"/>
						<line hits="0" number="81"/>
						<line hits="1" number="88"/>
						<line hits="0" number="89"/>
						<line hits="1" number="90"/>
						<line hits="1" number="91"/>
						<line hits="1" number="98"/>
						<line hits="1" number="99"/>
						<line hits="0" number="100"/>
						<line hits="1" number="101"/>
						<line hits="0" number="103"/>
						<line hits="1" number="107"/>
						<line hits="1" number="109"/>
						<line hits="0" number="115"/>
						<line hits="1" number="116"/>
						<line hits="1" number="119"/>
						<line hits="1" number="122"/>
						<line hits="1" number="128"/>
						<line hits="1" number="131"/>
						<line hits="0" number="133"/>
						<line hits="1" number="134"/>
						<line hits="1" number="137"/>
						<line hits="1" number="138"/>
						<line hits="0" number="139"/>
						<line hits="0" number="142"/>
						<line hits="1" number="145"/>
						<line hits="1" number="148"/>
						<line hits="0" number="151"/>
						<line hits="1" number="154"/>
						<line hits="0" number="155"/>
						<line hits="1" number="156"/>
						<line hits="1" number="157"/>
						<line hits="1" number="159"/>
						<line hits="1" number="164"/>
						<line hits="1" number="165"/>
						<line hits="1" number="166"/>
						<line hits="1" number="175"/>
						<line hits="1" number="176"/>
						<line hits="0" number="177"/>
						<line hits="1" number="179"/>
						<line hits="1" number="180"/>
						<line hits="1" number="181"/>
						<line hits="1" number="190"/>
						<line hits="1" number="191"/>
						<line hits="0" number="192"/>
						<line hits="1" number="193"/>
						<line hits="1" number="195"/>
						<line hits="1" number="198"/>
						<line hits="1" number="206"/>
						<line hits="1" number="209"/>
						<line hits="0" number="210"/>
						<line hits="1" number="211"/>
						<line hits="0" number="213"/>
						<line hits="0" number="215"/>
						<line hits="0" number="216"/>
						<line hits="0" number="219"/>
						<line hits="0" number="221"/>
					</lines>
				</class>
				<class branch-rate="0" complexity="0" filename="sdk/eventhub/azure-eventhub/azure/eventhub/_eventprocessor/partition_context.py" line-rate="0.7037" name="partition_context.py">
					<methods/>
					<lines>
						<line hits="1" number="6"/>
						<line hits="1" number="7"/>
						<line hits="1" number="9"/>
						<line hits="1" number="10"/>
						<line hits="1" number="12"/>
						<line hits="1" number="14"/>
						<line hits="0" number="15"/>
						<line hits="1" number="18"/>
						<line hits="1" number="26"/>
						<line hits="1" number="35"/>
						<line hits="1" number="36"/>
						<line hits="1" number="37"/>
						<line hits="1" number="38"/>
						<line hits="1" number="39"/>
						<line hits="1" number="40"/>
						<line hits="1" number="42"/>
						<line hits="0" number="43"/>
						<line hits="0" number="58"/>
						<line hits="0" number="59"/>
						<line hits="0" number="60"/>
						<line hits="1" number="62"/>
						<line hits="1" number="70"/>
						<line hits="0" number="71"/>
						<line hits="1" number="72"/>
						<line hits="1" number="73"/>
						<line hits="0" number="81"/>
						<line hits="0" number="83"/>
					</lines>
				</class>
			</classes>
		</package>
		<package branch-rate="0" complexity="0" line-rate="0.2233" name="sdk.eventhub.azure-eventhub.azure.eventhub.aio">
			<classes>
				<class branch-rate="0" complexity="0" filename="sdk/eventhub/azure-eventhub/azure/eventhub/aio/__init__.py" line-rate="1" name="__init__.py">
					<methods/>
					<lines>
						<line hits="1" number="5"/>
						<line hits="1" number="6"/>
						<line hits="1" number="7"/>
						<line hits="1" number="8"/>
						<line hits="1" number="9"/>
						<line hits="1" number="11"/>
					</lines>
				</class>
				<class branch-rate="0" complexity="0" filename="sdk/eventhub/azure-eventhub/azure/eventhub/aio/_client_base_async.py" line-rate="0.1884" name="_client_base_async.py">
					<methods/>
					<lines>
						<line hits="1" number="5"/>
						<line hits="1" number="7"/>
						<line hits="1" number="8"/>
						<line hits="1" number="9"/>
						<line hits="1" number="10"/>
						<line hits="1" number="11"/>
						<line hits="1" number="13"/>
						<line hits="1" number="14"/>
						<line hits="1" number="23"/>
						<line hits="1" number="24"/>
						<line hits="1" number="25"/>
						<line hits="1" number="26"/>
						<line hits="1" number="33"/>
						<line hits="1" number="34"/>
						<line hits="1" number="36"/>
						<line hits="0" number="37"/>
						<line hits="0" number="39"/>
						<line hits="0" number="40"/>
						<line hits="0" number="41"/>
						<line hits="0" number="42"/>
						<line hits="1" number="44"/>
						<line hits="1" number="47"/>
						<line hits="1" number="54"/>
						<line hits="0" number="55"/>
						<line hits="0" number="56"/>
						<line hits="0" number="57"/>
						<line hits="1" number="59"/>
						<line hits="0" number="60"/>
						<line hits="0" number="61"/>
						<line hits="0" number="62"/>
						<line hits="1" number="65"/>
						<line hits="1" number="66"/>
						<line hits="0" number="73"/>
						<line hits="0" number="74"/>
						<line hits="0" number="80"/>
						<line hits="1" number="82"/>
						<line hits="0" number="83"/>
						<line hits="1" number="87"/>
						<line hits="1" number="88"/>
						<line hits="0" number="89"/>
						<line hits="0" number="90"/>
						<line hits="0" number="91"/>
						<line hits="0" number="92"/>
						<line hits="0" number="93"/>
						<line hits="1" number="95"/>
						<line hits="0" number="101"/>
						<line hits="0" number="103"/>
						<line hits="0" number="104"/>
						<line hits="0" number="105"/>
						<line hits="0" number="106"/>
						<line hits="0" number="107"/>
						<line hits="0" number="116"/>
						<line hits="0" number="117"/>
						<line hits="0" number="118"/>
						<line hits="0" number="128"/>
						<line hits="0" number="129"/>
						<line hits="1" number="131"/>
						<line hits="0" number="138"/>
						<line hits="0" number="139"/>
						<line hits="0" number="140"/>
						<line hits="0" number="143"/>
						<line hits="0" number="144"/>
						<line hits="0" number="150"/>
						<line hits="0" number="155"/>
						<line hits="0" number="157"/>
						<line hits="0" number="158"/>
						<line hits="0" number="159"/>
						<line hits="0" number="160"/>
						<line hits="0" number="161"/>
						<line hits="0" number="162"/>
						<line hits="0" number="165"/>
						<line hits="0" number="166"/>
						<line hits="0" number="169"/>
						<line hits="0" number="170"/>
						<line hits="0" number="171"/>
						<line hits="0" number="178"/>
						<line hits="0" number="179"/>
						<line hits="0" number="180"/>
						<line hits="0" number="181"/>
						<line hits="0" number="182"/>
						<line hits="0" number="183"/>
						<line hits="0" number="184"/>
						<line hits="0" number="185"/>
						<line hits="0" number="191"/>
						<line hits="0" number="192"/>
						<line hits="0" number="198"/>
						<line hits="0" number="204"/>
						<line hits="0" number="205"/>
						<line hits="0" number="206"/>
						<line hits="0" number="207"/>
						<line hits="0" number="208"/>
						<line hits="0" number="211"/>
						<line hits="0" number="212"/>
						<line hits="0" number="213"/>
						<line hits="0" number="216"/>
						<line hits="1" number="218"/>
						<line hits="0" number="220"/>
						<line hits="0" number="221"/>
						<line hits="0" number="222"/>
						<line hits="0" number="225"/>
						<line hits="0" number="226"/>
						<line hits="0" number="227"/>
						<line hits="0" number="228"/>
						<line hits="0" number="229"/>
						<line hits="0" number="232"/>
						<line hits="1" number="235"/>
						<line hits="0" number="237"/>
						<line hits="0" number="238"/>
						<line hits="1" number="240"/>
						<line hits="0" number="243"/>
						<line hits="0" number="249"/>
						<line hits="0" number="252"/>
						<line hits="0" number="253"/>
						<line hits="0" number="254"/>
						<line hits="0" number="255"/>
						<line hits="0" number="258"/>
						<line hits="0" number="259"/>
						<line hits="0" number="262"/>
						<line hits="0" number="265"/>
						<line hits="0" number="268"/>
						<line hits="0" number="269"/>
						<line hits="1" number="272"/>
						<line hits="0" number="274"/>
						<line hits="0" number="275"/>
						<line hits="0" number="278"/>
						<line hits="0" number="280"/>
						<line hits="0" number="281"/>
						<line hits="0" number="282"/>
						<line hits="0" number="287"/>
						<line hits="0" number="288"/>
						<line hits="0" number="289"/>
						<line hits="0" number="291"/>
						<line hits="0" number="292"/>
						<line hits="0" number="297"/>
						<line hits="0" number="298"/>
						<line hits="0" number="299"/>
						<line hits="0" number="301"/>
						<line hits="0" number="302"/>
						<line hits="0" number="307"/>
						<line hits="0" number="308"/>
						<line hits="0" number="314"/>
						<line hits="0" number="315"/>
						<line hits="0" number="316"/>
						<line hits="0" number="318"/>
						<line hits="0" number="319"/>
						<line hits="0" number="324"/>
						<line hits="0" number="325"/>
						<line hits="0" number="326"/>
						<line hits="0" number="328"/>
						<line hits="0" number="329"/>
						<line hits="1" number="331"/>
						<line hits="0" number="333"/>
						<line hits="0" number="336"/>
						<line hits="0" number="337"/>
						<line hits="1" number="338"/>
						<line hits="0" number="340"/>
						<line hits="1" number="341"/>
						<line hits="0" number="343"/>
						<line hits="0" number="344"/>
						<line hits="1" number="345"/>
						<line hits="0" number="351"/>
						<line hits="0" number="357"/>
						<line hits="0" number="358"/>
						<line hits="0" number="359"/>
						<line hits="0" number="360"/>
						<line hits="0" number="361"/>
						<line hits="0" number="362"/>
						<line hits="0" number="367"/>
						<line hits="0" number="368"/>
						<line hits="0" number="369"/>
						<line hits="1" number="373"/>
						<line hits="0" number="375"/>
						<line hits="0" number="376"/>
						<line hits="0" number="378"/>
						<line hits="1" number="379"/>
						<line hits="0" number="381"/>
						<line hits="0" number="382"/>
						<line hits="1" number="383"/>
						<line hits="0" number="385"/>
						<line hits="0" number="386"/>
						<line hits="0" number="387"/>
						<line hits="0" number="388"/>
						<line hits="0" number="390"/>
						<line hits="1" number="392"/>
						<line hits="0" number="399"/>
						<line hits="0" number="400"/>
						<line hits="0" number="401"/>
						<line hits="0" number="402"/>
						<line hits="0" number="403"/>
						<line hits="0" number="405"/>
						<line hits="0" number="406"/>
						<line hits="0" number="407"/>
						<line hits="0" number="408"/>
						<line hits="0" number="413"/>
						<line hits="0" number="414"/>
						<line hits="0" number="415"/>
						<line hits="0" number="416"/>
						<line hits="0" number="417"/>
						<line hits="0" number="418"/>
						<line hits="0" number="424"/>
						<line hits="0" number="425"/>
						<line hits="0" number="426"/>
						<line hits="0" number="431"/>
						<line hits="1" number="432"/>
						<line hits="0" number="434"/>
						<line hits="0" number="439"/>
						<line hits="0" number="440"/>
					</lines>
				</class>
				<class branch-rate="0" complexity="0" filename="sdk/eventhub/azure-eventhub/azure/eventhub/aio/_connection_manager_async.py" line-rate="0.2742" name="_connection_manager_async.py">
					<methods/>
					<lines>
						<line hits="1" number="6"/>
						<line hits="1" number="7"/>
						<line hits="1" number="9"/>
						<line hits="1" number="10"/>
						<line hits="1" number="12"/>
						<line hits="1" number="14"/>
						<line hits="0" number="15"/>
						<line hits="0" number="17"/>
						<line hits="0" number="18"/>
						<line hits="0" number="19"/>
						<line hits="0" number="20"/>
						<line hits="0" number="22"/>
						<line hits="0" number="23"/>
						<line hits="0" number="26"/>
						<line hits="0" number="28"/>
						<line hits="0" number="29"/>
						<line hits="0" number="31"/>
						<line hits="0" number="32"/>
						<line hits="1" number="35"/>
						<line hits="1" number="36"/>
						<line hits="0" number="37"/>
						<line hits="0" number="38"/>
						<line hits="0" number="39"/>
						<line hits="0" number="41"/>
						<line hits="0" number="42"/>
						<line hits="0" number="43"/>
						<line hits="0" number="44"/>
						<line hits="0" number="45"/>
						<line hits="0" number="46"/>
						<line hits="0" number="47"/>
						<line hits="0" number="48"/>
						<line hits="0" number="49"/>
						<line hits="0" number="50"/>
						<line hits="0" number="51"/>
						<line hits="1" number="55"/>
						<line hits="0" number="56"/>
						<line hits="0" number="57"/>
						<line hits="0" number="58"/>
						<line hits="0" number="72"/>
						<line hits="1" number="74"/>
						<line hits="0" number="75"/>
						<line hits="0" number="76"/>
						<line hits="0" number="77"/>
						<line hits="0" number="78"/>
						<line hits="1" number="80"/>
						<line hits="0" number="81"/>
						<line hits="0" number="82"/>
						<line hits="0" number="88"/>
						<line hits="1" number="91"/>
						<line hits="1" number="92"/>
						<line hits="0" number="93"/>
						<line hits="1" number="95"/>
						<line hits="0" number="96"/>
						<line hits="1" number="98"/>
						<line hits="0" number="99"/>
						<line hits="1" number="101"/>
						<line hits="0" number="102"/>
						<line hits="1" number="105"/>
						<line hits="0" number="106"/>
						<line hits="0" number="107"/>
						<line hits="0" number="108"/>
						<line hits="0" number="109"/>
					</lines>
				</class>
				<class branch-rate="0" complexity="0" filename="sdk/eventhub/azure-eventhub/azure/eventhub/aio/_consumer_async.py" line-rate="0.1368" name="_consumer_async.py">
					<methods/>
					<lines>
						<line hits="1" number="5"/>
						<line hits="1" number="6"/>
						<line hits="1" number="7"/>
						<line hits="1" number="8"/>
						<line hits="0" number="9"/>
						<line hits="1" number="10"/>
						<line hits="1" number="12"/>
						<line hits="1" number="13"/>
						<line hits="0" number="14"/>
						<line hits="1" number="16"/>
						<line hits="1" number="17"/>
						<line hits="1" number="18"/>
						<line hits="1" number="19"/>
						<line hits="0" number="20"/>
						<line hits="0" number="22"/>
						<line hits="0" number="23"/>
						<line hits="0" number="24"/>
						<line hits="1" number="25"/>
						<line hits="0" number="27"/>
						<line hits="0" number="30"/>
						<line hits="0" number="67"/>
						<line hits="0" number="68"/>
						<line hits="0" number="69"/>
						<line hits="0" number="70"/>
						<line hits="0" number="71"/>
						<line hits="0" number="72"/>
						<line hits="0" number="73"/>
						<line hits="0" number="74"/>
						<line hits="0" number="77"/>
						<line hits="0" number="79"/>
						<line hits="0" number="80"/>
						<line hits="0" number="82"/>
						<line hits="0" number="85"/>
						<line hits="0" number="86"/>
						<line hits="0" number="87"/>
						<line hits="0" number="88"/>
						<line hits="0" number="89"/>
						<line hits="0" number="90"/>
						<line hits="0" number="91"/>
						<line hits="0" number="92"/>
						<line hits="0" number="93"/>
						<line hits="0" number="94"/>
						<line hits="0" number="97"/>
						<line hits="0" number="98"/>
						<line hits="0" number="99"/>
						<line hits="0" number="100"/>
						<line hits="0" number="101"/>
						<line hits="0" number="102"/>
						<line hits="0" number="103"/>
						<line hits="0" number="104"/>
						<line hits="0" number="105"/>
						<line hits="0" number="108"/>
						<line hits="0" number="111"/>
						<line hits="0" number="114"/>
						<line hits="0" number="115"/>
						<line hits="0" number="118"/>
						<line hits="1" number="119"/>
						<line hits="0" number="121"/>
						<line hits="0" number="122"/>
						<line hits="0" number="123"/>
						<line hits="0" number="124"/>
						<line hits="0" number="127"/>
						<line hits="0" number="128"/>
						<line hits="0" number="129"/>
						<line hits="0" number="130"/>
						<line hits="0" number="132"/>
						<line hits="0" number="135"/>
						<line hits="0" number="153"/>
						<line hits="1" number="154"/>
						<line hits="0" number="158"/>
						<line hits="1" number="159"/>
						<line hits="0" number="161"/>
						<line hits="1" number="162"/>
						<line hits="0" number="164"/>
						<line hits="0" number="166"/>
						<line hits="0" number="167"/>
						<line hits="0" number="168"/>
						<line hits="0" number="169"/>
						<line hits="0" number="170"/>
						<line hits="0" number="172"/>
						<line hits="0" number="173"/>
						<line hits="0" number="176"/>
						<line hits="0" number="177"/>
						<line hits="0" number="178"/>
						<line hits="0" number="180"/>
						<line hits="0" number="181"/>
						<line hits="0" number="182"/>
						<line hits="0" number="183"/>
						<line hits="0" number="184"/>
						<line hits="0" number="185"/>
						<line hits="0" number="186"/>
						<line hits="0" number="187"/>
						<line hits="0" number="188"/>
						<line hits="0" number="189"/>
						<line hits="0" number="190"/>
						<line hits="0" number="194"/>
						<line hits="0" number="195"/>
						<line hits="0" number="196"/>
						<line hits="0" number="197"/>
						<line hits="0" number="198"/>
						<line hits="0" number="199"/>
						<line hits="0" number="200"/>
						<line hits="0" number="201"/>
						<line hits="0" number="202"/>
						<line hits="0" number="207"/>
						<line hits="0" number="209"/>
						<line hits="0" number="210"/>
						<line hits="0" number="211"/>
						<line hits="0" number="212"/>
						<line hits="0" number="213"/>
						<line hits="0" number="214"/>
						<line hits="0" number="215"/>
						<line hits="0" number="217"/>
						<line hits="0" number="218"/>
						<line hits="0" number="219"/>
						<line hits="0" number="220"/>
						<line hits="0" number="222"/>
					</lines>
				</class>
				<class branch-rate="0" complexity="0" filename="sdk/eventhub/azure-eventhub/azure/eventhub/aio/_consumer_client_async.py" line-rate="0.2386" name="_consumer_client_async.py">
					<methods/>
					<lines>
						<line hits="1" number="6"/>
						<line hits="1" number="7"/>
						<line hits="1" number="8"/>
						<line hits="1" number="9"/>
						<line hits="1" number="21"/>
						<line hits="1" number="22"/>
						<line hits="1" number="23"/>
						<line hits="1" number="24"/>
						<line hits="0" number="25"/>
						<line hits="0" number="28"/>
						<line hits="0" number="29"/>
						<line hits="0" number="30"/>
						<line hits="0" number="31"/>
						<line hits="0" number="32"/>
						<line hits="0" number="33"/>
						<line hits="0" number="34"/>
						<line hits="0" number="36"/>
						<line hits="0" number="39"/>
						<line hits="1" number="121"/>
						<line hits="0" number="129"/>
						<line hits="1" number="130"/>
						<line hits="0" number="131"/>
						<line hits="0" number="132"/>
						<line hits="1" number="133"/>
						<line hits="1" number="136"/>
						<line hits="1" number="137"/>
						<line hits="1" number="138"/>
						<line hits="1" number="139"/>
						<line hits="0" number="141"/>
						<line hits="0" number="142"/>
						<line hits="0" number="143"/>
[...]
						<line hits="0" number="91"/>
						<line hits="0" number="92"/>
						<line hits="0" number="93"/>
						<line hits="0" number="94"/>
						<line hits="0" number="95"/>
						<line hits="0" number="96"/>
						<line hits="1" number="100"/>
						<line hits="0" number="101"/>
						<line hits="1" number="117"/>
						<line hits="0" number="118"/>
						<line hits="1" number="122"/>
						<line hits="0" number="125"/>
						<line hits="0" number="126"/>
						<line hits="0" number="127"/>
						<line hits="0" number="128"/>
						<line hits="0" number="129"/>
						<line hits="0" number="130"/>
						<line hits="0" number="132"/>
						<line hits="0" number="133"/>
						<line hits="0" number="134"/>
						<line hits="0" number="135"/>
						<line hits="1" number="137"/>
						<line hits="0" number="143"/>
						<line hits="0" number="144"/>
						<line hits="0" number="145"/>
						<line hits="0" number="146"/>
						<line hits="0" number="147"/>
						<line hits="0" number="148"/>
						<line hits="0" number="149"/>
						<line hits="0" number="150"/>
						<line hits="0" number="151"/>
						<line hits="0" number="152"/>
						<line hits="0" number="153"/>
						<line hits="1" number="155"/>
						<line hits="0" number="158"/>
						<line hits="1" number="160"/>
						<line hits="0" number="171"/>
						<line hits="0" number="172"/>
						<line hits="1" number="174"/>
						<line hits="0" number="180"/>
						<line hits="0" number="181"/>
						<line hits="0" number="182"/>
						<line hits="0" number="183"/>
						<line hits="0" number="184"/>
						<line hits="0" number="185"/>
						<line hits="0" number="187"/>
						<line hits="0" number="190"/>
						<line hits="0" number="193"/>
						<line hits="0" number="196"/>
						<line hits="0" number="197"/>
						<line hits="0" number="198"/>
						<line hits="0" number="200"/>
						<line hits="0" number="201"/>
						<line hits="0" number="202"/>
						<line hits="0" number="203"/>
						<line hits="0" number="204"/>
						<line hits="0" number="205"/>
						<line hits="1" number="207"/>
						<line hits="0" number="238"/>
						<line hits="0" number="239"/>
						<line hits="0" number="240"/>
						<line hits="0" number="241"/>
						<line hits="0" number="242"/>
						<line hits="0" number="244"/>
						<line hits="0" number="245"/>
						<line hits="0" number="249"/>
						<line hits="1" number="253"/>
						<line hits="0" number="258"/>
						<line hits="0" number="259"/>
					</lines>
				</class>
				<class branch-rate="0" complexity="0" filename="sdk/eventhub/azure-eventhub/azure/eventhub/aio/_producer_client_async.py" line-rate="0.3214" name="_producer_client_async.py">
					<methods/>
					<lines>
						<line hits="1" number="5"/>
						<line hits="1" number="6"/>
						<line hits="1" number="8"/>
						<line hits="1" number="9"/>
						<line hits="1" number="11"/>
						<line hits="1" number="12"/>
						<line hits="1" number="13"/>
						<line hits="1" number="14"/>
						<line hits="1" number="15"/>
						<line hits="1" number="17"/>
						<line hits="0" number="18"/>
						<line hits="0" number="19"/>
						<line hits="1" number="21"/>
						<line hits="1" number="24"/>
						<line hits="1" number="62"/>
						<line hits="0" number="69"/>
						<line hits="0" number="76"/>
						<line hits="0" number="79"/>
						<line hits="0" number="82"/>
						<line hits="0" number="83"/>
						<line hits="1" number="85"/>
						<line hits="0" number="86"/>
						<line hits="1" number="88"/>
						<line hits="0" number="89"/>
						<line hits="1" number="91"/>
						<line hits="0" number="92"/>
						<line hits="0" number="93"/>
						<line hits="0" number="94"/>
						<line hits="0" number="95"/>
						<line hits="1" number="97"/>
						<line hits="0" number="99"/>
						<line hits="0" number="100"/>
						<line hits="0" number="101"/>
						<line hits="0" number="104"/>
						<line hits="1" number="111"/>
						<line hits="0" number="114"/>
						<line hits="0" number="115"/>
						<line hits="0" number="116"/>
						<line hits="0" number="120"/>
						<line hits="0" number="126"/>
						<line hits="0" number="130"/>
						<line hits="1" number="134"/>
						<line hits="0" number="140"/>
						<line hits="0" number="141"/>
						<line hits="0" number="145"/>
						<line hits="0" number="153"/>
						<line hits="1" number="155"/>
						<line hits="1" number="156"/>
						<line hits="0" number="199"/>
						<line hits="0" number="210"/>
						<line hits="1" number="212"/>
						<line hits="1" number="260"/>
						<line hits="1" number="261"/>
						<line hits="0" number="262"/>
						<line hits="0" number="263"/>
						<line hits="0" number="264"/>
						<line hits="0" number="266"/>
						<line hits="0" number="268"/>
						<line hits="0" number="269"/>
						<line hits="0" number="271"/>
						<line hits="0" number="274"/>
						<line hits="0" number="275"/>
						<line hits="0" number="278"/>
						<line hits="0" number="279"/>
						<line hits="0" number="280"/>
						<line hits="0" number="284"/>
						<line hits="0" number="314"/>
						<line hits="0" number="315"/>
						<line hits="0" number="317"/>
						<line hits="1" number="318"/>
						<line hits="1" number="324"/>
						<line hits="0" number="330"/>
						<line hits="0" number="332"/>
						<line hits="0" number="344"/>
						<line hits="1" number="348"/>
						<line hits="0" number="354"/>
						<line hits="0" number="356"/>
						<line hits="0" number="374"/>
						<line hits="0" number="378"/>
						<line hits="0" number="393"/>
						<line hits="0" number="394"/>
						<line hits="0" number="395"/>
						<line hits="0" number="396"/>
						<line hits="0" number="397"/>
					</lines>
				</class>
			</classes>
		</package>
		<package branch-rate="0" complexity="0" line-rate="0.6877" name="sdk.eventhub.azure-eventhub.azure.eventhub.aio._eventprocessor">
			<classes>
				<class branch-rate="0" complexity="0" filename="sdk/eventhub/azure-eventhub/azure/eventhub/aio/_eventprocessor/__init__.py" line-rate="1" name="__init__.py">
					<methods/>
					<lines/>
				</class>
				<class branch-rate="0" complexity="0" filename="sdk/eventhub/azure-eventhub/azure/eventhub/aio/_eventprocessor/_ownership_manager.py" line-rate="0.6413" name="_ownership_manager.py">
					<methods/>
					<lines>
						<line hits="0" number="5"/>
						<line hits="1" number="6"/>
						<line hits="1" number="7"/>
						<line hits="1" number="8"/>
						<line hits="1" number="9"/>
						<line hits="1" number="11"/>
						<line hits="0" number="13"/>
						<line hits="0" number="14"/>
						<line hits="0" number="15"/>
						<line hits="0" number="16"/>
						<line hits="0" number="19"/>
						<line hits="1" number="30"/>
						<line hits="0" number="40"/>
						<line hits="1" number="41"/>
						<line hits="0" number="42"/>
						<line hits="1" number="43"/>
						<line hits="1" number="46"/>
						<line hits="1" number="47"/>
						<line hits="1" number="48"/>
						<line hits="1" number="49"/>
						<line hits="0" number="50"/>
						<line hits="1" number="51"/>
						<line hits="0" number="52"/>
						<line hits="1" number="54"/>
						<line hits="1" number="57"/>
						<line hits="1" number="58"/>
						<line hits="0" number="60"/>
						<line hits="0" number="61"/>
						<line hits="0" number="62"/>
						<line hits="1" number="63"/>
						<line hits="1" number="69"/>
						<line hits="1" number="70"/>
						<line hits="1" number="72"/>
						<line hits="0" number="75"/>
						<line hits="1" number="76"/>
						<line hits="0" number="79"/>
						<line hits="0" number="81"/>
						<line hits="0" number="87"/>
						<line hits="1" number="88"/>
						<line hits="1" number="89"/>
						<line hits="1" number="90"/>
						<line hits="1" number="97"/>
						<line hits="0" number="98"/>
						<line hits="1" number="99"/>
						<line hits="0" number="100"/>
						<line hits="1" number="102"/>
						<line hits="1" number="105"/>
						<line hits="1" number="107"/>
						<line hits="0" number="112"/>
						<line hits="1" number="113"/>
						<line hits="1" number="116"/>
						<line hits="1" number="119"/>
						<line hits="1" number="125"/>
						<line hits="1" number="128"/>
						<line hits="1" number="130"/>
						<line hits="1" number="131"/>
						<line hits="1" number="134"/>
						<line hits="1" number="135"/>
						<line hits="1" number="136"/>
						<line hits="1" number="139"/>
						<line hits="1" number="142"/>
						<line hits="0" number="145"/>
						<line hits="1" number="150"/>
						<line hits="0" number="153"/>
						<line hits="1" number="154"/>
						<line hits="1" number="155"/>
						<line hits="1" number="156"/>
						<line hits="1" number="158"/>
						<line hits="1" number="163"/>
						<line hits="0" number="164"/>
						<line hits="1" number="165"/>
						<line hits="1" number="174"/>
						<line hits="0" number="175"/>
						<line hits="1" number="176"/>
						<line hits="1" number="178"/>
						<line hits="1" number="179"/>
						<line hits="1" number="180"/>
						<line hits="1" number="189"/>
						<line hits="0" number="190"/>
						<line hits="1" number="191"/>
						<line hits="0" number="192"/>
						<line hits="1" number="194"/>
						<line hits="1" number="197"/>
						<line hits="1" number="205"/>
						<line hits="1" number="208"/>
						<line hits="0" number="209"/>
						<line hits="0" number="210"/>
						<line hits="0" number="212"/>
						<line hits="0" number="213"/>
						<line hits="0" number="214"/>
						<line hits="0" number="217"/>
						<line hits="0" number="218"/>
					</lines>
				</class>
				<class branch-rate="0" complexity="0" filename="sdk/eventhub/azure-eventhub/azure/eventhub/aio/_eventprocessor/checkpoint_store.py" line-rate="1" name="checkpoint_store.py">
					<methods/>
					<lines>
						<line hits="1" number="6"/>
						<line hits="1" number="7"/>
						<line hits="1" number="10"/>
						<line hits="1" number="16"/>
						<line hits="1" number="17"/>
						<line hits="1" number="41"/>
						<line hits="1" number="42"/>
						<line hits="1" number="62"/>
						<line hits="1" number="63"/>
						<line hits="1" number="88"/>
						<line hits="1" number="89"/>
					</lines>
				</class>
				<class branch-rate="0" complexity="0" filename="sdk/eventhub/azure-eventhub/azure/eventhub/aio/_eventprocessor/event_processor.py" line-rate="0.7073" name="event_processor.py">
					<methods/>
					<lines>
						<line hits="1" number="5"/>
						<line hits="1" number="6"/>
						<line hits="1" number="18"/>
						<line hits="1" number="19"/>
						<line hits="1" number="20"/>
						<line hits="0" number="21"/>
						<line hits="1" number="23"/>
						<line hits="1" number="24"/>
						<line hits="1" number="25"/>
						<line hits="1" number="26"/>
						<line hits="1" number="27"/>
						<line hits="1" number="28"/>
						<line hits="1" number="29"/>
						<line hits="0" number="30"/>
						<line hits="0" number="32"/>
						<line hits="0" number="33"/>
						<line hits="0" number="34"/>
						<line hits="0" number="35"/>
						<line hits="0" number="37"/>
						<line hits="1" number="40"/>
						<line hits="1" number="49"/>
						<line hits="1" number="79"/>
						<line hits="1" number="80"/>
						<line hits="1" number="81"/>
						<line hits="1" number="84"/>
						<line hits="1" number="85"/>
						<line hits="1" number="86"/>
						<line hits="1" number="87"/>
						<line hits="1" number="88"/>
						<line hits="1" number="89"/>
						<line hits="1" number="90"/>
						<line hits="1" number="91"/>
						<line hits="1" number="92"/>
						<line hits="1" number="93"/>
						<line hits="1" number="94"/>
						<line hits="0" number="95"/>
						<line hits="1" number="96"/>
						<line hits="1" number="97"/>
						<line hits="1" number="100"/>
						<line hits="0" number="101"/>
						<line hits="1" number="102"/>
						<line hits="1" number="103"/>
						<line hits="1" number="104"/>
						<line hits="1" number="105"/>
						<line hits="1" number="106"/>
						<line hits="1" number="107"/>
						<line hits="0" number="110"/>
						<line hits="0" number="111"/>
						<line hits="1" number="112"/>
						<line hits="0" number="114"/>
						<line hits="1" number="115"/>
						<line hits="1" number="125"/>
						<line hits="1" number="126"/>
						<line hits="1" number="128"/>
						<line hits="0" number="131"/>
						<line hits="1" number="136"/>
						<line hits="1" number="137"/>
						<line hits="1" number="138"/>
						<line hits="1" number="139"/>
						<line hits="1" number="140"/>
						<line hits="1" number="145"/>
						<line hits="1" number="146"/>
						<line hits="1" number="148"/>
						<line hits="1" number="153"/>
						<line hits="1" number="158"/>
						<line hits="1" number="159"/>
						<line hits="1" number="160"/>
						<line hits="1" number="161"/>
						<line hits="1" number="162"/>
						<line hits="1" number="165"/>
						<line hits="0" number="171"/>
						<line hits="1" number="174"/>
						<line hits="1" number="175"/>
						<line hits="1" number="176"/>
						<line hits="1" number="177"/>
						<line hits="1" number="178"/>
						<line hits="1" number="188"/>
						<line hits="1" number="191"/>
						<line hits="0" number="200"/>
						<line hits="1" number="201"/>
						<line hits="1" number="202"/>
						<line hits="1" number="203"/>
						<line hits="1" number="204"/>
						<line hits="1" number="213"/>
						<line hits="1" number="215"/>
						<line hits="0" number="218"/>
						<line hits="1" number="219"/>
						<line hits="0" number="220"/>
						<line hits="1" number="221"/>
						<line hits="1" number="222"/>
						<line hits="0" number="223"/>
						<line hits="0" number="224"/>
						<line hits="1" number="226"/>
						<line hits="1" number="228"/>
						<line hits="0" number="229"/>
						<line hits="0" number="230"/>
						<line hits="0" number="231"/>
						<line hits="1" number="232"/>
						<line hits="1" number="233"/>
						<line hits="1" number="237"/>
						<line hits="1" number="239"/>
						<line hits="1" number="240"/>
						<line hits="1" number="242"/>
						<line hits="1" number="245"/>
						<line hits="1" number="246"/>
						<line hits="1" number="247"/>
						<line hits="1" number="251"/>
						<line hits="1" number="252"/>
						<line hits="0" number="253"/>
						<line hits="1" number="255"/>
						<line hits="1" number="262"/>
						<line hits="1" number="264"/>
						<line hits="1" number="267"/>
						<line hits="1" number="274"/>
						<line hits="1" number="275"/>
						<line hits="0" number="276"/>
						<line hits="1" number="277"/>
						<line hits="1" number="278"/>
						<line hits="1" number="287"/>
						<line hits="1" number="289"/>
						<line hits="1" number="290"/>
						<line hits="1" number="291"/>
						<line hits="1" number="294"/>
						<line hits="1" number="295"/>
						<line hits="0" number="303"/>
						<line hits="0" number="304"/>
						<line hits="1" number="305"/>
						<line hits="0" number="314"/>
						<line hits="1" number="315"/>
						<line hits="1" number="317"/>
						<line hits="1" number="319"/>
						<line hits="0" number="328"/>
						<line hits="0" number="329"/>
						<line hits="1" number="330"/>
						<line hits="1" number="331"/>
						<line hits="1" number="332"/>
						<line hits="0" number="333"/>
						<line hits="1" number="334"/>
						<line hits="1" number="335"/>
						<line hits="1" number="338"/>
						<line hits="0" number="339"/>
						<line hits="0" number="340"/>
						<line hits="0" number="341"/>
						<line hits="0" number="342"/>
						<line hits="0" number="343"/>
						<line hits="1" number="344"/>
						<line hits="1" number="349"/>
						<line hits="1" number="353"/>
						<line hits="0" number="357"/>
						<line hits="1" number="358"/>
						<line hits="0" number="359"/>
						<line hits="1" number="360"/>
						<line hits="0" number="361"/>
						<line hits="1" number="371"/>
						<line hits="0" number="381"/>
						<line hits="0" number="383"/>
						<line hits="0" number="385"/>
						<line hits="0" number="397"/>
						<line hits="0" number="398"/>
						<line hits="0" number="399"/>
						<line hits="0" number="400"/>
						<line hits="0" number="401"/>
						<line hits="0" number="402"/>
						<line hits="0" number="403"/>
					</lines>
				</class>
				<class branch-rate="0" complexity="0" filename="sdk/eventhub/azure-eventhub/azure/eventhub/aio/_eventprocessor/in_memory_checkpoint_store.py" line-rate="1" name="in_memory_checkpoint_store.py">
					<methods/>
					<lines>
						<line hits="1" number="5"/>
						<line hits="1" number="6"/>
						<line hits="1" number="7"/>
						<line hits="1" number="10"/>
						<line hits="1" number="11"/>
						<line hits="1" number="12"/>
						<line hits="1" number="14"/>
						<line hits="1" number="17"/>
						<line hits="1" number="19"/>
						<line hits="1" number="22"/>
						<line hits="1" number="24"/>
						<line hits="1" number="27"/>
						<line hits="1" number="29"/>
						<line hits="1" number="32"/>
					</lines>
				</class>
				<class branch-rate="0" complexity="0" filename="sdk/eventhub/azure-eventhub/azure/eventhub/aio/_eventprocessor/partition_context.py" line-rate="0.5185" name="partition_context.py">
					<methods/>
					<lines>
						<line hits="1" number="6"/>
						<line hits="0" number="7"/>
						<line hits="1" number="8"/>
						<line hits="1" number="9"/>
						<line hits="0" number="11"/>
						<line hits="1" number="12"/>
						<line hits="0" number="14"/>
						<line hits="0" number="17"/>
						<line hits="1" number="25"/>
						<line hits="1" number="33"/>
						<line hits="1" number="34"/>
						<line hits="1" number="35"/>
						<line hits="1" number="36"/>
						<line hits="1" number="37"/>
						<line hits="1" number="38"/>
						<line hits="0" number="40"/>
						<line hits="1" number="41"/>
						<line hits="0" number="55"/>
						<line hits="0" number="56"/>
						<line hits="0" number="57"/>
						<line hits="0" number="59"/>
						<line hits="0" number="66"/>
						<line hits="1" number="67"/>
						<line hits="0" number="68"/>
						<line hits="1" number="69"/>
						<line hits="0" number="77"/>
						<line hits="0" number="79"/>
					</lines>
				</class>
				<class branch-rate="0" complexity="0" filename="sdk/eventhub/azure-eventhub/azure/eventhub/aio/_eventprocessor/utils.py" line-rate="0.4444" name="utils.py">
					<methods/>
					<lines>
						<line hits="1" number="6"/>
						<line hits="1" number="9"/>
						<line hits="1" number="10"/>
						<line hits="1" number="11"/>
						<line hits="0" number="12"/>
						<line hits="0" number="13"/>
						<line hits="0" number="16"/>
						<line hits="0" number="17"/>
						<line hits="0" number="18"/>
					</lines>
				</class>
			</classes>
		</package>
		<package branch-rate="0" complexity="0" line-rate="1" name="sdk.eventhub.azure-eventhub.azure.eventhub.extensions">
			<classes>
				<class branch-rate="0" complexity="0" filename="sdk/eventhub/azure-eventhub/azure/eventhub/extensions/__init__.py" line-rate="1" name="__init__.py">
					<methods/>
					<lines/>
				</class>
			</classes>
		</package>
		<package branch-rate="0" complexity="0" line-rate="1" name="sdk.eventhub.azure-eventhub.azure.eventhub">
			<classes>
				<class branch-rate="0" complexity="0" filename="sdk/eventhub/azure-eventhub/azure/eventhub/__init__.py" line-rate="1" name="__init__.py">
					<methods/>
					<lines>
						<line hits="1" number="6"/>
						<line hits="1" number="8"/>
						<line hits="1" number="9"/>
						<line hits="1" number="10"/>
						<line hits="1" number="12"/>
						<line hits="1" number="14"/>
						<line hits="1" number="15"/>
						<line hits="1" number="16"/>
						<line hits="1" number="17"/>
						<line hits="1" number="18"/>
						<line hits="1" number="19"/>
						<line hits="1" number="21"/>
						<line hits="1" number="23"/>
					</lines>
				</class>
			</classes>
		</package>
	</packages>
</coverage>
